{"/Users/mac/Documents/Project/flook-server-app/index.js": {"path":"/Users/mac/Documents/Project/flook-server-app/index.js","statementMap":{"0":{"start":{"line":1,"column":0},"end":{"line":1,"column":24}},"1":{"start":{"line":2,"column":13},"end":{"line":2,"column":28}},"2":{"start":{"line":3,"column":15},"end":{"line":3,"column":32}},"3":{"start":{"line":4,"column":16},"end":{"line":4,"column":34}},"4":{"start":{"line":5,"column":19},"end":{"line":5,"column":41}},"5":{"start":{"line":6,"column":19},"end":{"line":6,"column":52}},"6":{"start":{"line":7,"column":17},"end":{"line":7,"column":45}},"7":{"start":{"line":8,"column":12},"end":{"line":8,"column":21}},"8":{"start":{"line":9,"column":20},"end":{"line":13,"column":1}},"9":{"start":{"line":14,"column":0},"end":{"line":14,"column":34}},"10":{"start":{"line":15,"column":0},"end":{"line":15,"column":27}},"11":{"start":{"line":17,"column":0},"end":{"line":17,"column":27}},"12":{"start":{"line":18,"column":0},"end":{"line":18,"column":27}},"13":{"start":{"line":19,"column":0},"end":{"line":19,"column":54}},"14":{"start":{"line":21,"column":0},"end":{"line":21,"column":51}},"15":{"start":{"line":23,"column":0},"end":{"line":23,"column":22}},"16":{"start":{"line":25,"column":0},"end":{"line":32,"column":39}},"17":{"start":{"line":26,"column":2},"end":{"line":26,"column":26}},"18":{"start":{"line":29,"column":2},"end":{"line":31,"column":3}},"19":{"start":{"line":30,"column":4},"end":{"line":30,"column":109}},"20":{"start":{"line":30,"column":47},"end":{"line":30,"column":107}},"21":{"start":{"line":32,"column":18},"end":{"line":32,"column":38}},"22":{"start":{"line":38,"column":0},"end":{"line":38,"column":20}}},"fnMap":{"0":{"name":"(anonymous_0)","decl":{"start":{"line":25,"column":14},"end":{"line":25,"column":15}},"loc":{"start":{"line":25,"column":20},"end":{"line":32,"column":1}},"line":25},"1":{"name":"(anonymous_1)","decl":{"start":{"line":30,"column":41},"end":{"line":30,"column":42}},"loc":{"start":{"line":30,"column":47},"end":{"line":30,"column":107}},"line":30},"2":{"name":"(anonymous_2)","decl":{"start":{"line":32,"column":9},"end":{"line":32,"column":10}},"loc":{"start":{"line":32,"column":18},"end":{"line":32,"column":38}},"line":32}},"branchMap":{"0":{"loc":{"start":{"line":29,"column":2},"end":{"line":31,"column":3}},"type":"if","locations":[{"start":{"line":29,"column":2},"end":{"line":31,"column":3}},{"start":{},"end":{}}],"line":29},"1":{"loc":{"start":{"line":30,"column":15},"end":{"line":30,"column":39}},"type":"binary-expr","locations":[{"start":{"line":30,"column":15},"end":{"line":30,"column":31}},{"start":{"line":30,"column":35},"end":{"line":30,"column":39}}],"line":30}},"s":{"0":1,"1":1,"2":1,"3":1,"4":1,"5":1,"6":1,"7":1,"8":1,"9":1,"10":1,"11":1,"12":1,"13":1,"14":1,"15":1,"16":1,"17":1,"18":1,"19":0,"20":0,"21":0,"22":1},"f":{"0":1,"1":0,"2":0},"b":{"0":[0,1],"1":[0,0]},"_coverageSchema":"1a1c01bbd47fc00a2c39e90264f33305004495a9","hash":"072bfdf73b1e488abad2373f27f13573bf4955c6"}
,"/Users/mac/Documents/Project/flook-server-app/configs/cloudnary.js": {"path":"/Users/mac/Documents/Project/flook-server-app/configs/cloudnary.js","statementMap":{"0":{"start":{"line":1,"column":0},"end":{"line":1,"column":24}},"1":{"start":{"line":3,"column":19},"end":{"line":3,"column":43}},"2":{"start":{"line":5,"column":0},"end":{"line":10,"column":3}},"3":{"start":{"line":12,"column":0},"end":{"line":12,"column":28}}},"fnMap":{},"branchMap":{},"s":{"0":1,"1":1,"2":1,"3":1},"f":{},"b":{},"_coverageSchema":"1a1c01bbd47fc00a2c39e90264f33305004495a9","hash":"4b035abd18289349850f04096a97805314d4d0ee"}
,"/Users/mac/Documents/Project/flook-server-app/configs/mongodb.js": {"path":"/Users/mac/Documents/Project/flook-server-app/configs/mongodb.js","statementMap":{"0":{"start":{"line":1,"column":0},"end":{"line":1,"column":24}},"1":{"start":{"line":2,"column":17},"end":{"line":2,"column":36}},"2":{"start":{"line":3,"column":24},"end":{"line":3,"column":74}},"3":{"start":{"line":4,"column":20},"end":{"line":4,"column":162}},"4":{"start":{"line":6,"column":23},"end":{"line":12,"column":1}},"5":{"start":{"line":13,"column":17},"end":{"line":13,"column":81}},"6":{"start":{"line":15,"column":0},"end":{"line":15,"column":26}}},"fnMap":{},"branchMap":{},"s":{"0":1,"1":1,"2":1,"3":1,"4":1,"5":1,"6":1},"f":{},"b":{},"_coverageSchema":"1a1c01bbd47fc00a2c39e90264f33305004495a9","hash":"4cb4ee3f4713dffc3143e297543780a7b7bff982"}
,"/Users/mac/Documents/Project/flook-server-app/configs/token.js": {"path":"/Users/mac/Documents/Project/flook-server-app/configs/token.js","statementMap":{"0":{"start":{"line":1,"column":19},"end":{"line":1,"column":53}},"1":{"start":{"line":3,"column":21},"end":{"line":7,"column":1}},"2":{"start":{"line":9,"column":0},"end":{"line":9,"column":29}}},"fnMap":{},"branchMap":{},"s":{"0":1,"1":1,"2":1},"f":{},"b":{},"_coverageSchema":"1a1c01bbd47fc00a2c39e90264f33305004495a9","hash":"f28ac6578ff4a993af556b3d46d3af04e3b4278d"}
,"/Users/mac/Documents/Project/flook-server-app/constants/messages.js": {"path":"/Users/mac/Documents/Project/flook-server-app/constants/messages.js","statementMap":{"0":{"start":{"line":1,"column":17},"end":{"line":33,"column":1}},"1":{"start":{"line":36,"column":0},"end":{"line":36,"column":25}}},"fnMap":{},"branchMap":{},"s":{"0":1,"1":1},"f":{},"b":{},"_coverageSchema":"1a1c01bbd47fc00a2c39e90264f33305004495a9","hash":"5b4583cf8a04f4af0fbd6acbc3bbbab42b15ff9c"}
,"/Users/mac/Documents/Project/flook-server-app/constants/routes.js": {"path":"/Users/mac/Documents/Project/flook-server-app/constants/routes.js","statementMap":{"0":{"start":{"line":2,"column":13},"end":{"line":2,"column":35}},"1":{"start":{"line":4,"column":21},"end":{"line":9,"column":1}},"2":{"start":{"line":11,"column":0},"end":{"line":11,"column":29}}},"fnMap":{},"branchMap":{},"s":{"0":1,"1":1,"2":1},"f":{},"b":{},"_coverageSchema":"1a1c01bbd47fc00a2c39e90264f33305004495a9","hash":"10c714cf80d746d35e9eba80d112c0af797b2241"}
,"/Users/mac/Documents/Project/flook-server-app/controllers/index.js": {"path":"/Users/mac/Documents/Project/flook-server-app/controllers/index.js","statementMap":{"0":{"start":{"line":1,"column":13},"end":{"line":1,"column":35}},"1":{"start":{"line":2,"column":14},"end":{"line":2,"column":38}},"2":{"start":{"line":3,"column":13},"end":{"line":3,"column":36}},"3":{"start":{"line":4,"column":16},"end":{"line":4,"column":43}},"4":{"start":{"line":5,"column":15},"end":{"line":5,"column":44}},"5":{"start":{"line":6,"column":14},"end":{"line":6,"column":42}},"6":{"start":{"line":7,"column":15},"end":{"line":7,"column":44}},"7":{"start":{"line":8,"column":16},"end":{"line":8,"column":46}},"8":{"start":{"line":11,"column":19},"end":{"line":13,"column":1}},"9":{"start":{"line":15,"column":0},"end":{"line":15,"column":27}}},"fnMap":{},"branchMap":{},"s":{"0":1,"1":1,"2":1,"3":1,"4":1,"5":1,"6":1,"7":1,"8":1,"9":1},"f":{},"b":{},"_coverageSchema":"1a1c01bbd47fc00a2c39e90264f33305004495a9","hash":"c928623d968509311b3e517a8379fef33634021d"}
,"/Users/mac/Documents/Project/flook-server-app/controllers/auth/user.js": {"path":"/Users/mac/Documents/Project/flook-server-app/controllers/auth/user.js","statementMap":{"0":{"start":{"line":1,"column":15},"end":{"line":1,"column":38}},"1":{"start":{"line":2,"column":19},"end":{"line":2,"column":53}},"2":{"start":{"line":3,"column":12},"end":{"line":3,"column":35}},"3":{"start":{"line":4,"column":17},"end":{"line":4,"column":52}},"4":{"start":{"line":5,"column":18},"end":{"line":5,"column":54}},"5":{"start":{"line":7,"column":21},"end":{"line":7,"column":51}},"6":{"start":{"line":8,"column":17},"end":{"line":8,"column":52}},"7":{"start":{"line":9,"column":20},"end":{"line":9,"column":54}},"8":{"start":{"line":10,"column":15},"end":{"line":10,"column":50}},"9":{"start":{"line":13,"column":31},"end":{"line":54,"column":1}},"10":{"start":{"line":14,"column":41},"end":{"line":14,"column":49}},"11":{"start":{"line":16,"column":2},"end":{"line":18,"column":3}},"12":{"start":{"line":17,"column":4},"end":{"line":17,"column":75}},"13":{"start":{"line":20,"column":2},"end":{"line":53,"column":3}},"14":{"start":{"line":21,"column":23},"end":{"line":21,"column":74}},"15":{"start":{"line":23,"column":4},"end":{"line":26,"column":5}},"16":{"start":{"line":24,"column":6},"end":{"line":24,"column":77}},"17":{"start":{"line":25,"column":6},"end":{"line":25,"column":13}},"18":{"start":{"line":28,"column":4},"end":{"line":37,"column":5}},"19":{"start":{"line":29,"column":6},"end":{"line":31,"column":16}},"20":{"start":{"line":33,"column":6},"end":{"line":35,"column":9}},"21":{"start":{"line":36,"column":6},"end":{"line":36,"column":13}},"22":{"start":{"line":39,"column":25},"end":{"line":45,"column":5}},"23":{"start":{"line":47,"column":4},"end":{"line":50,"column":7}},"24":{"start":{"line":52,"column":4},"end":{"line":52,"column":50}},"25":{"start":{"line":56,"column":27},"end":{"line":78,"column":1}},"26":{"start":{"line":57,"column":19},"end":{"line":57,"column":36}},"27":{"start":{"line":58,"column":16},"end":{"line":58,"column":30}},"28":{"start":{"line":59,"column":22},"end":{"line":59,"column":42}},"29":{"start":{"line":60,"column":19},"end":{"line":60,"column":36}},"30":{"start":{"line":61,"column":26},"end":{"line":61,"column":50}},"31":{"start":{"line":62,"column":2},"end":{"line":64,"column":3}},"32":{"start":{"line":63,"column":4},"end":{"line":63,"column":70}},"33":{"start":{"line":65,"column":2},"end":{"line":77,"column":3}},"34":{"start":{"line":66,"column":17},"end":{"line":68,"column":6}},"35":{"start":{"line":69,"column":22},"end":{"line":69,"column":60}},"36":{"start":{"line":70,"column":4},"end":{"line":70,"column":26}},"37":{"start":{"line":71,"column":4},"end":{"line":71,"column":51}},"38":{"start":{"line":71,"column":42},"end":{"line":71,"column":50}},"39":{"start":{"line":72,"column":19},"end":{"line":72,"column":36}},"40":{"start":{"line":73,"column":4},"end":{"line":73,"column":50}},"41":{"start":{"line":74,"column":4},"end":{"line":74,"column":71}},"42":{"start":{"line":76,"column":4},"end":{"line":76,"column":46}},"43":{"start":{"line":80,"column":28},"end":{"line":110,"column":1}},"44":{"start":{"line":82,"column":19},"end":{"line":82,"column":36}},"45":{"start":{"line":84,"column":2},"end":{"line":109,"column":3}},"46":{"start":{"line":86,"column":21},"end":{"line":86,"column":71}},"47":{"start":{"line":87,"column":4},"end":{"line":90,"column":5}},"48":{"start":{"line":88,"column":6},"end":{"line":88,"column":44}},"49":{"start":{"line":89,"column":6},"end":{"line":89,"column":44}},"50":{"start":{"line":92,"column":25},"end":{"line":92,"column":81}},"51":{"start":{"line":93,"column":17},"end":{"line":93,"column":112}},"52":{"start":{"line":95,"column":22},"end":{"line":95,"column":80}},"53":{"start":{"line":96,"column":4},"end":{"line":96,"column":52}},"54":{"start":{"line":96,"column":42},"end":{"line":96,"column":50}},"55":{"start":{"line":98,"column":19},"end":{"line":98,"column":36}},"56":{"start":{"line":99,"column":4},"end":{"line":106,"column":5}},"57":{"start":{"line":100,"column":23},"end":{"line":104,"column":7}},"58":{"start":{"line":105,"column":6},"end":{"line":105,"column":43}},"59":{"start":{"line":108,"column":4},"end":{"line":108,"column":46}},"60":{"start":{"line":113,"column":29},"end":{"line":138,"column":1}},"61":{"start":{"line":114,"column":13},"end":{"line":114,"column":26}},"62":{"start":{"line":115,"column":17},"end":{"line":115,"column":32}},"63":{"start":{"line":116,"column":17},"end":{"line":116,"column":30}},"64":{"start":{"line":118,"column":2},"end":{"line":137,"column":3}},"65":{"start":{"line":119,"column":21},"end":{"line":119,"column":52}},"66":{"start":{"line":120,"column":4},"end":{"line":126,"column":5}},"67":{"start":{"line":121,"column":6},"end":{"line":121,"column":59}},"68":{"start":{"line":122,"column":6},"end":{"line":122,"column":78}},"69":{"start":{"line":124,"column":6},"end":{"line":124,"column":70}},"70":{"start":{"line":125,"column":6},"end":{"line":125,"column":59}},"71":{"start":{"line":127,"column":18},"end":{"line":127,"column":128}},"72":{"start":{"line":128,"column":18},"end":{"line":128,"column":76}},"73":{"start":{"line":129,"column":4},"end":{"line":129,"column":49}},"74":{"start":{"line":129,"column":39},"end":{"line":129,"column":47}},"75":{"start":{"line":130,"column":19},"end":{"line":130,"column":74}},"76":{"start":{"line":131,"column":4},"end":{"line":133,"column":5}},"77":{"start":{"line":132,"column":6},"end":{"line":132,"column":47}},"78":{"start":{"line":134,"column":4},"end":{"line":134,"column":89}},"79":{"start":{"line":136,"column":4},"end":{"line":136,"column":46}},"80":{"start":{"line":140,"column":34},"end":{"line":155,"column":1}},"81":{"start":{"line":141,"column":17},"end":{"line":141,"column":27}},"82":{"start":{"line":142,"column":18},"end":{"line":142,"column":34}},"83":{"start":{"line":143,"column":2},"end":{"line":154,"column":3}},"84":{"start":{"line":144,"column":18},"end":{"line":144,"column":83}},"85":{"start":{"line":145,"column":19},"end":{"line":149,"column":5}},"86":{"start":{"line":150,"column":4},"end":{"line":150,"column":42}},"87":{"start":{"line":151,"column":4},"end":{"line":151,"column":58}},"88":{"start":{"line":153,"column":4},"end":{"line":153,"column":46}},"89":{"start":{"line":157,"column":29},"end":{"line":172,"column":1}},"90":{"start":{"line":158,"column":17},"end":{"line":158,"column":30}},"91":{"start":{"line":159,"column":2},"end":{"line":171,"column":3}},"92":{"start":{"line":160,"column":4},"end":{"line":162,"column":5}},"93":{"start":{"line":161,"column":6},"end":{"line":161,"column":74}},"94":{"start":{"line":163,"column":19},"end":{"line":167,"column":5}},"95":{"start":{"line":168,"column":4},"end":{"line":168,"column":84}},"96":{"start":{"line":170,"column":4},"end":{"line":170,"column":46}},"97":{"start":{"line":174,"column":33},"end":{"line":192,"column":1}},"98":{"start":{"line":175,"column":2},"end":{"line":191,"column":3}},"99":{"start":{"line":176,"column":15},"end":{"line":176,"column":27}},"100":{"start":{"line":177,"column":18},"end":{"line":177,"column":32}},"101":{"start":{"line":179,"column":24},"end":{"line":179,"column":35}},"102":{"start":{"line":180,"column":19},"end":{"line":184,"column":5}},"103":{"start":{"line":185,"column":4},"end":{"line":187,"column":5}},"104":{"start":{"line":186,"column":6},"end":{"line":186,"column":77}},"105":{"start":{"line":188,"column":4},"end":{"line":188,"column":52}},"106":{"start":{"line":190,"column":4},"end":{"line":190,"column":46}},"107":{"start":{"line":194,"column":33},"end":{"line":211,"column":1}},"108":{"start":{"line":195,"column":17},"end":{"line":195,"column":27}},"109":{"start":{"line":196,"column":22},"end":{"line":196,"column":41}},"110":{"start":{"line":198,"column":2},"end":{"line":210,"column":3}},"111":{"start":{"line":199,"column":19},"end":{"line":203,"column":5}},"112":{"start":{"line":204,"column":4},"end":{"line":206,"column":5}},"113":{"start":{"line":205,"column":6},"end":{"line":205,"column":67}},"114":{"start":{"line":207,"column":4},"end":{"line":207,"column":40}},"115":{"start":{"line":209,"column":4},"end":{"line":209,"column":46}},"116":{"start":{"line":213,"column":26},"end":{"line":228,"column":1}},"117":{"start":{"line":214,"column":23},"end":{"line":214,"column":35}},"118":{"start":{"line":215,"column":2},"end":{"line":227,"column":3}},"119":{"start":{"line":216,"column":4},"end":{"line":224,"column":5}},"120":{"start":{"line":217,"column":20},"end":{"line":219,"column":24}},"121":{"start":{"line":220,"column":6},"end":{"line":222,"column":7}},"122":{"start":{"line":221,"column":8},"end":{"line":221,"column":68}},"123":{"start":{"line":223,"column":6},"end":{"line":223,"column":41}},"124":{"start":{"line":226,"column":4},"end":{"line":226,"column":46}},"125":{"start":{"line":230,"column":30},"end":{"line":258,"column":1}},"126":{"start":{"line":231,"column":2},"end":{"line":257,"column":3}},"127":{"start":{"line":232,"column":15},"end":{"line":232,"column":17}},"128":{"start":{"line":233,"column":17},"end":{"line":235,"column":6}},"129":{"start":{"line":236,"column":4},"end":{"line":245,"column":5}},"130":{"start":{"line":237,"column":6},"end":{"line":242,"column":8}},"131":{"start":{"line":243,"column":11},"end":{"line":245,"column":5}},"132":{"start":{"line":244,"column":6},"end":{"line":244,"column":48}},"133":{"start":{"line":246,"column":4},"end":{"line":254,"column":6}},"134":{"start":{"line":250,"column":23},"end":{"line":252,"column":7}},"135":{"start":{"line":253,"column":6},"end":{"line":253,"column":44}},"136":{"start":{"line":256,"column":4},"end":{"line":256,"column":46}},"137":{"start":{"line":260,"column":31},"end":{"line":272,"column":1}},"138":{"start":{"line":261,"column":13},"end":{"line":261,"column":23}},"139":{"start":{"line":262,"column":2},"end":{"line":271,"column":3}},"140":{"start":{"line":263,"column":17},"end":{"line":263,"column":48}},"141":{"start":{"line":264,"column":4},"end":{"line":264,"column":46}},"142":{"start":{"line":266,"column":4},"end":{"line":270,"column":5}},"143":{"start":{"line":267,"column":6},"end":{"line":267,"column":47}},"144":{"start":{"line":269,"column":6},"end":{"line":269,"column":48}},"145":{"start":{"line":274,"column":30},"end":{"line":288,"column":1}},"146":{"start":{"line":275,"column":2},"end":{"line":287,"column":3}},"147":{"start":{"line":276,"column":19},"end":{"line":276,"column":29}},"148":{"start":{"line":277,"column":17},"end":{"line":279,"column":42}},"149":{"start":{"line":280,"column":4},"end":{"line":283,"column":5}},"150":{"start":{"line":281,"column":6},"end":{"line":281,"column":37}},"151":{"start":{"line":282,"column":6},"end":{"line":282,"column":67}},"152":{"start":{"line":284,"column":4},"end":{"line":284,"column":38}},"153":{"start":{"line":286,"column":4},"end":{"line":286,"column":46}},"154":{"start":{"line":290,"column":29},"end":{"line":303,"column":1}},"155":{"start":{"line":291,"column":2},"end":{"line":302,"column":3}},"156":{"start":{"line":292,"column":15},"end":{"line":292,"column":28}},"157":{"start":{"line":293,"column":16},"end":{"line":293,"column":63}},"158":{"start":{"line":294,"column":4},"end":{"line":297,"column":5}},"159":{"start":{"line":295,"column":6},"end":{"line":295,"column":37}},"160":{"start":{"line":296,"column":6},"end":{"line":296,"column":72}},"161":{"start":{"line":298,"column":4},"end":{"line":298,"column":45}},"162":{"start":{"line":299,"column":4},"end":{"line":299,"column":75}},"163":{"start":{"line":301,"column":4},"end":{"line":301,"column":46}},"164":{"start":{"line":305,"column":0},"end":{"line":339,"column":2}},"165":{"start":{"line":307,"column":19},"end":{"line":307,"column":29}},"166":{"start":{"line":308,"column":18},"end":{"line":312,"column":5}},"167":{"start":{"line":313,"column":24},"end":{"line":313,"column":26}},"168":{"start":{"line":314,"column":4},"end":{"line":316,"column":5}},"169":{"start":{"line":314,"column":17},"end":{"line":314,"column":18}},"170":{"start":{"line":315,"column":6},"end":{"line":315,"column":69}},"171":{"start":{"line":317,"column":17},"end":{"line":322,"column":5}},"172":{"start":{"line":323,"column":4},"end":{"line":323,"column":92}}},"fnMap":{"0":{"name":"(anonymous_0)","decl":{"start":{"line":13,"column":31},"end":{"line":13,"column":32}},"loc":{"start":{"line":13,"column":51},"end":{"line":54,"column":1}},"line":13},"1":{"name":"(anonymous_1)","decl":{"start":{"line":56,"column":27},"end":{"line":56,"column":28}},"loc":{"start":{"line":56,"column":47},"end":{"line":78,"column":1}},"line":56},"2":{"name":"(anonymous_2)","decl":{"start":{"line":71,"column":32},"end":{"line":71,"column":33}},"loc":{"start":{"line":71,"column":42},"end":{"line":71,"column":50}},"line":71},"3":{"name":"(anonymous_3)","decl":{"start":{"line":80,"column":28},"end":{"line":80,"column":29}},"loc":{"start":{"line":80,"column":48},"end":{"line":110,"column":1}},"line":80},"4":{"name":"(anonymous_4)","decl":{"start":{"line":96,"column":32},"end":{"line":96,"column":33}},"loc":{"start":{"line":96,"column":42},"end":{"line":96,"column":50}},"line":96},"5":{"name":"(anonymous_5)","decl":{"start":{"line":113,"column":29},"end":{"line":113,"column":30}},"loc":{"start":{"line":113,"column":49},"end":{"line":138,"column":1}},"line":113},"6":{"name":"(anonymous_6)","decl":{"start":{"line":129,"column":29},"end":{"line":129,"column":30}},"loc":{"start":{"line":129,"column":39},"end":{"line":129,"column":47}},"line":129},"7":{"name":"(anonymous_7)","decl":{"start":{"line":140,"column":34},"end":{"line":140,"column":35}},"loc":{"start":{"line":140,"column":54},"end":{"line":155,"column":1}},"line":140},"8":{"name":"(anonymous_8)","decl":{"start":{"line":157,"column":29},"end":{"line":157,"column":30}},"loc":{"start":{"line":157,"column":49},"end":{"line":172,"column":1}},"line":157},"9":{"name":"(anonymous_9)","decl":{"start":{"line":174,"column":33},"end":{"line":174,"column":34}},"loc":{"start":{"line":174,"column":53},"end":{"line":192,"column":1}},"line":174},"10":{"name":"(anonymous_10)","decl":{"start":{"line":194,"column":33},"end":{"line":194,"column":34}},"loc":{"start":{"line":194,"column":53},"end":{"line":211,"column":1}},"line":194},"11":{"name":"(anonymous_11)","decl":{"start":{"line":213,"column":26},"end":{"line":213,"column":27}},"loc":{"start":{"line":213,"column":46},"end":{"line":228,"column":1}},"line":213},"12":{"name":"(anonymous_12)","decl":{"start":{"line":230,"column":30},"end":{"line":230,"column":31}},"loc":{"start":{"line":230,"column":50},"end":{"line":258,"column":1}},"line":230},"13":{"name":"(anonymous_13)","decl":{"start":{"line":249,"column":12},"end":{"line":249,"column":13}},"loc":{"start":{"line":249,"column":24},"end":{"line":254,"column":5}},"line":249},"14":{"name":"(anonymous_14)","decl":{"start":{"line":260,"column":31},"end":{"line":260,"column":32}},"loc":{"start":{"line":260,"column":51},"end":{"line":272,"column":1}},"line":260},"15":{"name":"(anonymous_15)","decl":{"start":{"line":274,"column":30},"end":{"line":274,"column":31}},"loc":{"start":{"line":274,"column":50},"end":{"line":288,"column":1}},"line":274},"16":{"name":"(anonymous_16)","decl":{"start":{"line":290,"column":29},"end":{"line":290,"column":30}},"loc":{"start":{"line":290,"column":49},"end":{"line":303,"column":1}},"line":290},"17":{"name":"(anonymous_17)","decl":{"start":{"line":306,"column":19},"end":{"line":306,"column":20}},"loc":{"start":{"line":306,"column":39},"end":{"line":324,"column":3}},"line":306}},"branchMap":{"0":{"loc":{"start":{"line":16,"column":2},"end":{"line":18,"column":3}},"type":"if","locations":[{"start":{"line":16,"column":2},"end":{"line":18,"column":3}},{"start":{},"end":{}}],"line":16},"1":{"loc":{"start":{"line":23,"column":4},"end":{"line":26,"column":5}},"type":"if","locations":[{"start":{"line":23,"column":4},"end":{"line":26,"column":5}},{"start":{},"end":{}}],"line":23},"2":{"loc":{"start":{"line":28,"column":4},"end":{"line":37,"column":5}},"type":"if","locations":[{"start":{"line":28,"column":4},"end":{"line":37,"column":5}},{"start":{},"end":{}}],"line":28},"3":{"loc":{"start":{"line":62,"column":2},"end":{"line":64,"column":3}},"type":"if","locations":[{"start":{"line":62,"column":2},"end":{"line":64,"column":3}},{"start":{},"end":{}}],"line":62},"4":{"loc":{"start":{"line":74,"column":4},"end":{"line":74,"column":70}},"type":"binary-expr","locations":[{"start":{"line":74,"column":4},"end":{"line":74,"column":10}},{"start":{"line":74,"column":14},"end":{"line":74,"column":70}}],"line":74},"5":{"loc":{"start":{"line":87,"column":4},"end":{"line":90,"column":5}},"type":"if","locations":[{"start":{"line":87,"column":4},"end":{"line":90,"column":5}},{"start":{},"end":{}}],"line":87},"6":{"loc":{"start":{"line":99,"column":4},"end":{"line":106,"column":5}},"type":"if","locations":[{"start":{"line":99,"column":4},"end":{"line":106,"column":5}},{"start":{},"end":{}}],"line":99},"7":{"loc":{"start":{"line":120,"column":4},"end":{"line":126,"column":5}},"type":"if","locations":[{"start":{"line":120,"column":4},"end":{"line":126,"column":5}},{"start":{"line":123,"column":9},"end":{"line":126,"column":5}}],"line":120},"8":{"loc":{"start":{"line":131,"column":4},"end":{"line":133,"column":5}},"type":"if","locations":[{"start":{"line":131,"column":4},"end":{"line":133,"column":5}},{"start":{},"end":{}}],"line":131},"9":{"loc":{"start":{"line":147,"column":6},"end":{"line":147,"column":97}},"type":"cond-expr","locations":[{"start":{"line":147,"column":14},"end":{"line":147,"column":54}},{"start":{"line":147,"column":57},"end":{"line":147,"column":97}}],"line":147},"10":{"loc":{"start":{"line":160,"column":4},"end":{"line":162,"column":5}},"type":"if","locations":[{"start":{"line":160,"column":4},"end":{"line":162,"column":5}},{"start":{},"end":{}}],"line":160},"11":{"loc":{"start":{"line":185,"column":4},"end":{"line":187,"column":5}},"type":"if","locations":[{"start":{"line":185,"column":4},"end":{"line":187,"column":5}},{"start":{},"end":{}}],"line":185},"12":{"loc":{"start":{"line":204,"column":4},"end":{"line":206,"column":5}},"type":"if","locations":[{"start":{"line":204,"column":4},"end":{"line":206,"column":5}},{"start":{},"end":{}}],"line":204},"13":{"loc":{"start":{"line":216,"column":4},"end":{"line":224,"column":5}},"type":"if","locations":[{"start":{"line":216,"column":4},"end":{"line":224,"column":5}},{"start":{},"end":{}}],"line":216},"14":{"loc":{"start":{"line":216,"column":8},"end":{"line":216,"column":64}},"type":"binary-expr","locations":[{"start":{"line":216,"column":8},"end":{"line":216,"column":32}},{"start":{"line":216,"column":36},"end":{"line":216,"column":64}}],"line":216},"15":{"loc":{"start":{"line":220,"column":6},"end":{"line":222,"column":7}},"type":"if","locations":[{"start":{"line":220,"column":6},"end":{"line":222,"column":7}},{"start":{},"end":{}}],"line":220},"16":{"loc":{"start":{"line":236,"column":4},"end":{"line":245,"column":5}},"type":"if","locations":[{"start":{"line":236,"column":4},"end":{"line":245,"column":5}},{"start":{"line":243,"column":11},"end":{"line":245,"column":5}}],"line":236},"17":{"loc":{"start":{"line":243,"column":11},"end":{"line":245,"column":5}},"type":"if","locations":[{"start":{"line":243,"column":11},"end":{"line":245,"column":5}},{"start":{},"end":{}}],"line":243},"18":{"loc":{"start":{"line":264,"column":4},"end":{"line":264,"column":45}},"type":"binary-expr","locations":[{"start":{"line":264,"column":4},"end":{"line":264,"column":15}},{"start":{"line":264,"column":19},"end":{"line":264,"column":45}}],"line":264},"19":{"loc":{"start":{"line":266,"column":4},"end":{"line":270,"column":5}},"type":"if","locations":[{"start":{"line":266,"column":4},"end":{"line":270,"column":5}},{"start":{"line":268,"column":11},"end":{"line":270,"column":5}}],"line":266},"20":{"loc":{"start":{"line":280,"column":4},"end":{"line":283,"column":5}},"type":"if","locations":[{"start":{"line":280,"column":4},"end":{"line":283,"column":5}},{"start":{},"end":{}}],"line":280},"21":{"loc":{"start":{"line":294,"column":4},"end":{"line":297,"column":5}},"type":"if","locations":[{"start":{"line":294,"column":4},"end":{"line":297,"column":5}},{"start":{},"end":{}}],"line":294}},"s":{"0":1,"1":1,"2":1,"3":1,"4":1,"5":1,"6":1,"7":1,"8":1,"9":1,"10":0,"11":0,"12":0,"13":0,"14":0,"15":0,"16":0,"17":0,"18":0,"19":0,"20":0,"21":0,"22":0,"23":0,"24":0,"25":1,"26":0,"27":0,"28":0,"29":0,"30":0,"31":0,"32":0,"33":0,"34":0,"35":0,"36":0,"37":0,"38":0,"39":0,"40":0,"41":0,"42":0,"43":1,"44":0,"45":0,"46":0,"47":0,"48":0,"49":0,"50":0,"51":0,"52":0,"53":0,"54":0,"55":0,"56":0,"57":0,"58":0,"59":0,"60":1,"61":0,"62":0,"63":0,"64":0,"65":0,"66":0,"67":0,"68":0,"69":0,"70":0,"71":0,"72":0,"73":0,"74":0,"75":0,"76":0,"77":0,"78":0,"79":0,"80":1,"81":0,"82":0,"83":0,"84":0,"85":0,"86":0,"87":0,"88":0,"89":1,"90":0,"91":0,"92":0,"93":0,"94":0,"95":0,"96":0,"97":1,"98":0,"99":0,"100":0,"101":0,"102":0,"103":0,"104":0,"105":0,"106":0,"107":1,"108":0,"109":0,"110":0,"111":0,"112":0,"113":0,"114":0,"115":0,"116":1,"117":0,"118":0,"119":0,"120":0,"121":0,"122":0,"123":0,"124":0,"125":1,"126":2,"127":2,"128":2,"129":2,"130":1,"131":1,"132":1,"133":2,"134":2,"135":2,"136":0,"137":1,"138":0,"139":0,"140":0,"141":0,"142":0,"143":0,"144":0,"145":1,"146":0,"147":0,"148":0,"149":0,"150":0,"151":0,"152":0,"153":0,"154":1,"155":0,"156":0,"157":0,"158":0,"159":0,"160":0,"161":0,"162":0,"163":0,"164":1,"165":1,"166":1,"167":1,"168":1,"169":1,"170":1,"171":1,"172":1},"f":{"0":0,"1":0,"2":0,"3":0,"4":0,"5":0,"6":0,"7":0,"8":0,"9":0,"10":0,"11":0,"12":2,"13":2,"14":0,"15":0,"16":0,"17":1},"b":{"0":[0,0],"1":[0,0],"2":[0,0],"3":[0,0],"4":[0,0],"5":[0,0],"6":[0,0],"7":[0,0],"8":[0,0],"9":[0,0],"10":[0,0],"11":[0,0],"12":[0,0],"13":[0,0],"14":[0,0],"15":[0,0],"16":[1,1],"17":[1,0],"18":[0,0],"19":[0,0],"20":[0,0],"21":[0,0]},"_coverageSchema":"1a1c01bbd47fc00a2c39e90264f33305004495a9","hash":"d9990bb9cc3b61ef176f2710972b4d53666d9d81"}
,"/Users/mac/Documents/Project/flook-server-app/controllers/movie/cast.js": {"path":"/Users/mac/Documents/Project/flook-server-app/controllers/movie/cast.js","statementMap":{"0":{"start":{"line":1,"column":15},"end":{"line":1,"column":50}},"1":{"start":{"line":2,"column":17},"end":{"line":2,"column":52}},"2":{"start":{"line":3,"column":20},"end":{"line":3,"column":54}},"3":{"start":{"line":4,"column":19},"end":{"line":4,"column":53}},"4":{"start":{"line":5,"column":24},"end":{"line":5,"column":47}},"5":{"start":{"line":7,"column":26},"end":{"line":20,"column":1}},"6":{"start":{"line":8,"column":2},"end":{"line":19,"column":3}},"7":{"start":{"line":9,"column":20},"end":{"line":9,"column":37}},"8":{"start":{"line":10,"column":17},"end":{"line":10,"column":31}},"9":{"start":{"line":11,"column":18},"end":{"line":11,"column":33}},"10":{"start":{"line":12,"column":19},"end":{"line":15,"column":10}},"11":{"start":{"line":16,"column":4},"end":{"line":16,"column":46}},"12":{"start":{"line":18,"column":4},"end":{"line":18,"column":39}},"13":{"start":{"line":24,"column":19},"end":{"line":45,"column":1}},"14":{"start":{"line":25,"column":21},"end":{"line":25,"column":29}},"15":{"start":{"line":26,"column":2},"end":{"line":44,"column":3}},"16":{"start":{"line":27,"column":4},"end":{"line":27,"column":35}},"17":{"start":{"line":28,"column":4},"end":{"line":28,"column":37}},"18":{"start":{"line":30,"column":25},"end":{"line":30,"column":80}},"19":{"start":{"line":31,"column":17},"end":{"line":34,"column":6}},"20":{"start":{"line":35,"column":4},"end":{"line":35,"column":54}},"21":{"start":{"line":36,"column":4},"end":{"line":43,"column":7}},"22":{"start":{"line":36,"column":29},"end":{"line":40,"column":6}},"23":{"start":{"line":42,"column":6},"end":{"line":42,"column":41}},"24":{"start":{"line":48,"column":19},"end":{"line":72,"column":1}},"25":{"start":{"line":49,"column":17},"end":{"line":49,"column":30}},"26":{"start":{"line":50,"column":17},"end":{"line":50,"column":30}},"27":{"start":{"line":52,"column":2},"end":{"line":71,"column":3}},"28":{"start":{"line":53,"column":4},"end":{"line":57,"column":5}},"29":{"start":{"line":54,"column":23},"end":{"line":54,"column":57}},"30":{"start":{"line":55,"column":6},"end":{"line":55,"column":63}},"31":{"start":{"line":56,"column":6},"end":{"line":56,"column":78}},"32":{"start":{"line":58,"column":17},"end":{"line":60,"column":6}},"33":{"start":{"line":61,"column":4},"end":{"line":61,"column":66}},"34":{"start":{"line":62,"column":19},"end":{"line":62,"column":76}},"35":{"start":{"line":63,"column":21},"end":{"line":67,"column":5}},"36":{"start":{"line":68,"column":4},"end":{"line":68,"column":42}},"37":{"start":{"line":70,"column":4},"end":{"line":70,"column":39}},"38":{"start":{"line":75,"column":19},"end":{"line":89,"column":1}},"39":{"start":{"line":76,"column":2},"end":{"line":88,"column":3}},"40":{"start":{"line":77,"column":19},"end":{"line":77,"column":32}},"41":{"start":{"line":78,"column":21},"end":{"line":78,"column":55}},"42":{"start":{"line":79,"column":4},"end":{"line":79,"column":61}},"43":{"start":{"line":80,"column":19},"end":{"line":80,"column":65}},"44":{"start":{"line":81,"column":4},"end":{"line":83,"column":5}},"45":{"start":{"line":82,"column":6},"end":{"line":82,"column":40}},"46":{"start":{"line":84,"column":4},"end":{"line":84,"column":45}},"47":{"start":{"line":85,"column":4},"end":{"line":85,"column":73}},"48":{"start":{"line":87,"column":4},"end":{"line":87,"column":39}},"49":{"start":{"line":92,"column":0},"end":{"line":97,"column":2}}},"fnMap":{"0":{"name":"(anonymous_0)","decl":{"start":{"line":7,"column":26},"end":{"line":7,"column":27}},"loc":{"start":{"line":7,"column":46},"end":{"line":20,"column":1}},"line":7},"1":{"name":"(anonymous_1)","decl":{"start":{"line":24,"column":19},"end":{"line":24,"column":20}},"loc":{"start":{"line":24,"column":39},"end":{"line":45,"column":1}},"line":24},"2":{"name":"(anonymous_2)","decl":{"start":{"line":36,"column":21},"end":{"line":36,"column":22}},"loc":{"start":{"line":36,"column":29},"end":{"line":40,"column":6}},"line":36},"3":{"name":"(anonymous_3)","decl":{"start":{"line":41,"column":11},"end":{"line":41,"column":12}},"loc":{"start":{"line":41,"column":22},"end":{"line":43,"column":5}},"line":41},"4":{"name":"(anonymous_4)","decl":{"start":{"line":48,"column":19},"end":{"line":48,"column":20}},"loc":{"start":{"line":48,"column":39},"end":{"line":72,"column":1}},"line":48},"5":{"name":"(anonymous_5)","decl":{"start":{"line":75,"column":19},"end":{"line":75,"column":20}},"loc":{"start":{"line":75,"column":39},"end":{"line":89,"column":1}},"line":75}},"branchMap":{"0":{"loc":{"start":{"line":12,"column":19},"end":{"line":15,"column":10}},"type":"cond-expr","locations":[{"start":{"line":12,"column":29},"end":{"line":12,"column":67}},{"start":{"line":13,"column":6},"end":{"line":15,"column":10}}],"line":12},"1":{"loc":{"start":{"line":13,"column":6},"end":{"line":15,"column":10}},"type":"cond-expr","locations":[{"start":{"line":13,"column":13},"end":{"line":13,"column":123}},{"start":{"line":14,"column":6},"end":{"line":15,"column":10}}],"line":13},"2":{"loc":{"start":{"line":13,"column":97},"end":{"line":13,"column":120}},"type":"cond-expr","locations":[{"start":{"line":13,"column":114},"end":{"line":13,"column":115}},{"start":{"line":13,"column":118},"end":{"line":13,"column":120}}],"line":13},"3":{"loc":{"start":{"line":14,"column":6},"end":{"line":15,"column":10}},"type":"cond-expr","locations":[{"start":{"line":14,"column":14},"end":{"line":14,"column":61}},{"start":{"line":15,"column":6},"end":{"line":15,"column":10}}],"line":14},"4":{"loc":{"start":{"line":26,"column":2},"end":{"line":44,"column":3}},"type":"if","locations":[{"start":{"line":26,"column":2},"end":{"line":44,"column":3}},{"start":{"line":29,"column":9},"end":{"line":44,"column":3}}],"line":26},"5":{"loc":{"start":{"line":33,"column":18},"end":{"line":33,"column":55}},"type":"binary-expr","locations":[{"start":{"line":33,"column":18},"end":{"line":33,"column":41}},{"start":{"line":33,"column":45},"end":{"line":33,"column":55}}],"line":33},"6":{"loc":{"start":{"line":35,"column":24},"end":{"line":35,"column":54}},"type":"binary-expr","locations":[{"start":{"line":35,"column":24},"end":{"line":35,"column":46}},{"start":{"line":35,"column":50},"end":{"line":35,"column":54}}],"line":35},"7":{"loc":{"start":{"line":53,"column":4},"end":{"line":57,"column":5}},"type":"if","locations":[{"start":{"line":53,"column":4},"end":{"line":57,"column":5}},{"start":{},"end":{}}],"line":53},"8":{"loc":{"start":{"line":59,"column":18},"end":{"line":59,"column":66}},"type":"cond-expr","locations":[{"start":{"line":59,"column":29},"end":{"line":59,"column":53}},{"start":{"line":59,"column":56},"end":{"line":59,"column":66}}],"line":59},"9":{"loc":{"start":{"line":61,"column":25},"end":{"line":61,"column":66}},"type":"cond-expr","locations":[{"start":{"line":61,"column":36},"end":{"line":61,"column":59}},{"start":{"line":61,"column":62},"end":{"line":61,"column":66}}],"line":61},"10":{"loc":{"start":{"line":81,"column":4},"end":{"line":83,"column":5}},"type":"if","locations":[{"start":{"line":81,"column":4},"end":{"line":83,"column":5}},{"start":{},"end":{}}],"line":81}},"s":{"0":1,"1":1,"2":1,"3":1,"4":1,"5":1,"6":0,"7":0,"8":0,"9":0,"10":0,"11":0,"12":0,"13":1,"14":0,"15":0,"16":0,"17":0,"18":0,"19":0,"20":0,"21":0,"22":0,"23":0,"24":1,"25":0,"26":0,"27":0,"28":0,"29":0,"30":0,"31":0,"32":0,"33":0,"34":0,"35":0,"36":0,"37":0,"38":1,"39":0,"40":0,"41":0,"42":0,"43":0,"44":0,"45":0,"46":0,"47":0,"48":0,"49":1},"f":{"0":0,"1":0,"2":0,"3":0,"4":0,"5":0},"b":{"0":[0,0],"1":[0,0],"2":[0,0],"3":[0,0],"4":[0,0],"5":[0,0],"6":[0,0],"7":[0,0],"8":[0,0],"9":[0,0],"10":[0,0]},"_coverageSchema":"1a1c01bbd47fc00a2c39e90264f33305004495a9","hash":"422d1277aa45d728734cc38364981cab0b59e9d4"}
,"/Users/mac/Documents/Project/flook-server-app/controllers/movie/movie.js": {"path":"/Users/mac/Documents/Project/flook-server-app/controllers/movie/movie.js","statementMap":{"0":{"start":{"line":1,"column":19},"end":{"line":1,"column":53}},"1":{"start":{"line":3,"column":15},"end":{"line":3,"column":38}},"2":{"start":{"line":4,"column":16},"end":{"line":4,"column":51}},"3":{"start":{"line":5,"column":20},"end":{"line":5,"column":54}},"4":{"start":{"line":6,"column":19},"end":{"line":6,"column":56}},"5":{"start":{"line":7,"column":21},"end":{"line":7,"column":63}},"6":{"start":{"line":8,"column":26},"end":{"line":8,"column":73}},"7":{"start":{"line":9,"column":26},"end":{"line":9,"column":68}},"8":{"start":{"line":11,"column":12},"end":{"line":11,"column":42}},"9":{"start":{"line":12,"column":18},"end":{"line":12,"column":54}},"10":{"start":{"line":13,"column":21},"end":{"line":13,"column":60}},"11":{"start":{"line":16,"column":28},"end":{"line":42,"column":1}},"12":{"start":{"line":17,"column":13},"end":{"line":17,"column":25}},"13":{"start":{"line":18,"column":19},"end":{"line":18,"column":32}},"14":{"start":{"line":19,"column":22},"end":{"line":19,"column":43}},"15":{"start":{"line":20,"column":25},"end":{"line":20,"column":44}},"16":{"start":{"line":21,"column":15},"end":{"line":21,"column":39}},"17":{"start":{"line":22,"column":20},"end":{"line":22,"column":22}},"18":{"start":{"line":23,"column":15},"end":{"line":23,"column":49}},"19":{"start":{"line":24,"column":2},"end":{"line":41,"column":3}},"20":{"start":{"line":25,"column":18},"end":{"line":25,"column":45}},"21":{"start":{"line":26,"column":19},"end":{"line":34,"column":10}},"22":{"start":{"line":35,"column":4},"end":{"line":37,"column":5}},"23":{"start":{"line":36,"column":6},"end":{"line":36,"column":40}},"24":{"start":{"line":38,"column":4},"end":{"line":38,"column":72}},"25":{"start":{"line":40,"column":4},"end":{"line":40,"column":40}},"26":{"start":{"line":44,"column":33},"end":{"line":57,"column":1}},"27":{"start":{"line":45,"column":2},"end":{"line":56,"column":3}},"28":{"start":{"line":46,"column":19},"end":{"line":46,"column":29}},"29":{"start":{"line":47,"column":19},"end":{"line":49,"column":5}},"30":{"start":{"line":50,"column":4},"end":{"line":52,"column":5}},"31":{"start":{"line":51,"column":6},"end":{"line":51,"column":45}},"32":{"start":{"line":53,"column":4},"end":{"line":53,"column":58}},"33":{"start":{"line":55,"column":4},"end":{"line":55,"column":40}},"34":{"start":{"line":60,"column":27},"end":{"line":95,"column":1}},"35":{"start":{"line":61,"column":20},"end":{"line":61,"column":33}},"36":{"start":{"line":62,"column":2},"end":{"line":75,"column":3}},"37":{"start":{"line":63,"column":22},"end":{"line":63,"column":70}},"38":{"start":{"line":64,"column":4},"end":{"line":66,"column":5}},"39":{"start":{"line":65,"column":6},"end":{"line":65,"column":45}},"40":{"start":{"line":67,"column":25},"end":{"line":67,"column":80}},"41":{"start":{"line":68,"column":21},"end":{"line":72,"column":9}},"42":{"start":{"line":74,"column":4},"end":{"line":74,"column":38}},"43":{"start":{"line":77,"column":2},"end":{"line":94,"column":3}},"44":{"start":{"line":78,"column":4},"end":{"line":78,"column":31}},"45":{"start":{"line":79,"column":4},"end":{"line":79,"column":36}},"46":{"start":{"line":83,"column":4},"end":{"line":93,"column":7}},"47":{"start":{"line":85,"column":6},"end":{"line":89,"column":8}},"48":{"start":{"line":97,"column":30},"end":{"line":112,"column":1}},"49":{"start":{"line":98,"column":13},"end":{"line":98,"column":25}},"50":{"start":{"line":99,"column":16},"end":{"line":99,"column":58}},"51":{"start":{"line":100,"column":17},"end":{"line":100,"column":30}},"52":{"start":{"line":101,"column":2},"end":{"line":111,"column":3}},"53":{"start":{"line":102,"column":19},"end":{"line":102,"column":75}},"54":{"start":{"line":103,"column":4},"end":{"line":106,"column":5}},"55":{"start":{"line":104,"column":6},"end":{"line":104,"column":36}},"56":{"start":{"line":105,"column":6},"end":{"line":105,"column":52}},"57":{"start":{"line":107,"column":4},"end":{"line":107,"column":34}},"58":{"start":{"line":108,"column":4},"end":{"line":108,"column":88}},"59":{"start":{"line":110,"column":4},"end":{"line":110,"column":39}},"60":{"start":{"line":114,"column":33},"end":{"line":127,"column":1}},"61":{"start":{"line":115,"column":2},"end":{"line":126,"column":5}},"62":{"start":{"line":117,"column":21},"end":{"line":120,"column":5}},"63":{"start":{"line":121,"column":4},"end":{"line":121,"column":26}},"64":{"start":{"line":122,"column":4},"end":{"line":122,"column":42}},"65":{"start":{"line":125,"column":4},"end":{"line":125,"column":26}},"66":{"start":{"line":130,"column":30},"end":{"line":143,"column":1}},"67":{"start":{"line":131,"column":2},"end":{"line":142,"column":3}},"68":{"start":{"line":132,"column":15},"end":{"line":132,"column":28}},"69":{"start":{"line":133,"column":16},"end":{"line":133,"column":64}},"70":{"start":{"line":134,"column":4},"end":{"line":137,"column":5}},"71":{"start":{"line":135,"column":6},"end":{"line":135,"column":36}},"72":{"start":{"line":136,"column":6},"end":{"line":136,"column":71}},"73":{"start":{"line":138,"column":4},"end":{"line":138,"column":44}},"74":{"start":{"line":139,"column":4},"end":{"line":139,"column":74}},"75":{"start":{"line":141,"column":4},"end":{"line":141,"column":40}},"76":{"start":{"line":147,"column":0},"end":{"line":154,"column":2}}},"fnMap":{"0":{"name":"(anonymous_0)","decl":{"start":{"line":16,"column":28},"end":{"line":16,"column":29}},"loc":{"start":{"line":16,"column":48},"end":{"line":42,"column":1}},"line":16},"1":{"name":"(anonymous_1)","decl":{"start":{"line":44,"column":33},"end":{"line":44,"column":34}},"loc":{"start":{"line":44,"column":53},"end":{"line":57,"column":1}},"line":44},"2":{"name":"(anonymous_2)","decl":{"start":{"line":60,"column":27},"end":{"line":60,"column":28}},"loc":{"start":{"line":60,"column":47},"end":{"line":95,"column":1}},"line":60},"3":{"name":"(anonymous_3)","decl":{"start":{"line":84,"column":10},"end":{"line":84,"column":11}},"loc":{"start":{"line":85,"column":6},"end":{"line":89,"column":8}},"line":85},"4":{"name":"(anonymous_4)","decl":{"start":{"line":91,"column":11},"end":{"line":91,"column":12}},"loc":{"start":{"line":91,"column":20},"end":{"line":93,"column":5}},"line":91},"5":{"name":"(anonymous_5)","decl":{"start":{"line":97,"column":30},"end":{"line":97,"column":31}},"loc":{"start":{"line":97,"column":50},"end":{"line":112,"column":1}},"line":97},"6":{"name":"(anonymous_6)","decl":{"start":{"line":114,"column":33},"end":{"line":114,"column":34}},"loc":{"start":{"line":114,"column":53},"end":{"line":127,"column":1}},"line":114},"7":{"name":"(anonymous_7)","decl":{"start":{"line":116,"column":8},"end":{"line":116,"column":9}},"loc":{"start":{"line":116,"column":14},"end":{"line":123,"column":3}},"line":116},"8":{"name":"(anonymous_8)","decl":{"start":{"line":124,"column":9},"end":{"line":124,"column":10}},"loc":{"start":{"line":124,"column":18},"end":{"line":126,"column":3}},"line":124},"9":{"name":"(anonymous_9)","decl":{"start":{"line":130,"column":30},"end":{"line":130,"column":31}},"loc":{"start":{"line":130,"column":50},"end":{"line":143,"column":1}},"line":130}},"branchMap":{"0":{"loc":{"start":{"line":23,"column":15},"end":{"line":23,"column":49}},"type":"cond-expr","locations":[{"start":{"line":23,"column":22},"end":{"line":23,"column":42}},{"start":{"line":23,"column":45},"end":{"line":23,"column":49}}],"line":23},"1":{"loc":{"start":{"line":26,"column":19},"end":{"line":34,"column":10}},"type":"cond-expr","locations":[{"start":{"line":26,"column":24},"end":{"line":26,"column":65}},{"start":{"line":27,"column":6},"end":{"line":34,"column":10}}],"line":26},"2":{"loc":{"start":{"line":27,"column":6},"end":{"line":34,"column":10}},"type":"cond-expr","locations":[{"start":{"line":27,"column":13},"end":{"line":27,"column":67}},{"start":{"line":28,"column":6},"end":{"line":34,"column":10}}],"line":27},"3":{"loc":{"start":{"line":28,"column":6},"end":{"line":34,"column":10}},"type":"cond-expr","locations":[{"start":{"line":28,"column":60},"end":{"line":33,"column":37}},{"start":{"line":34,"column":6},"end":{"line":34,"column":10}}],"line":28},"4":{"loc":{"start":{"line":28,"column":6},"end":{"line":28,"column":57}},"type":"binary-expr","locations":[{"start":{"line":28,"column":6},"end":{"line":28,"column":10}},{"start":{"line":28,"column":15},"end":{"line":28,"column":23}},{"start":{"line":28,"column":27},"end":{"line":28,"column":41}},{"start":{"line":28,"column":45},"end":{"line":28,"column":56}}],"line":28},"5":{"loc":{"start":{"line":29,"column":6},"end":{"line":32,"column":10}},"type":"cond-expr","locations":[{"start":{"line":29,"column":17},"end":{"line":29,"column":20}},{"start":{"line":30,"column":8},"end":{"line":32,"column":10}}],"line":29},"6":{"loc":{"start":{"line":30,"column":8},"end":{"line":32,"column":10}},"type":"cond-expr","locations":[{"start":{"line":30,"column":25},"end":{"line":30,"column":34}},{"start":{"line":31,"column":8},"end":{"line":32,"column":10}}],"line":30},"7":{"loc":{"start":{"line":31,"column":8},"end":{"line":32,"column":10}},"type":"cond-expr","locations":[{"start":{"line":31,"column":22},"end":{"line":31,"column":34}},{"start":{"line":32,"column":8},"end":{"line":32,"column":10}}],"line":31},"8":{"loc":{"start":{"line":35,"column":4},"end":{"line":37,"column":5}},"type":"if","locations":[{"start":{"line":35,"column":4},"end":{"line":37,"column":5}},{"start":{},"end":{}}],"line":35},"9":{"loc":{"start":{"line":50,"column":4},"end":{"line":52,"column":5}},"type":"if","locations":[{"start":{"line":50,"column":4},"end":{"line":52,"column":5}},{"start":{},"end":{}}],"line":50},"10":{"loc":{"start":{"line":64,"column":4},"end":{"line":66,"column":5}},"type":"if","locations":[{"start":{"line":64,"column":4},"end":{"line":66,"column":5}},{"start":{},"end":{}}],"line":64},"11":{"loc":{"start":{"line":77,"column":2},"end":{"line":94,"column":3}},"type":"if","locations":[{"start":{"line":77,"column":2},"end":{"line":94,"column":3}},{"start":{"line":80,"column":9},"end":{"line":94,"column":3}}],"line":77},"12":{"loc":{"start":{"line":103,"column":4},"end":{"line":106,"column":5}},"type":"if","locations":[{"start":{"line":103,"column":4},"end":{"line":106,"column":5}},{"start":{},"end":{}}],"line":103},"13":{"loc":{"start":{"line":134,"column":4},"end":{"line":137,"column":5}},"type":"if","locations":[{"start":{"line":134,"column":4},"end":{"line":137,"column":5}},{"start":{},"end":{}}],"line":134}},"s":{"0":1,"1":1,"2":1,"3":1,"4":1,"5":1,"6":1,"7":1,"8":1,"9":1,"10":1,"11":1,"12":0,"13":0,"14":0,"15":0,"16":0,"17":0,"18":0,"19":0,"20":0,"21":0,"22":0,"23":0,"24":0,"25":0,"26":1,"27":0,"28":0,"29":0,"30":0,"31":0,"32":0,"33":0,"34":1,"35":0,"36":0,"37":0,"38":0,"39":0,"40":0,"41":0,"42":0,"43":0,"44":0,"45":0,"46":0,"47":0,"48":1,"49":0,"50":0,"51":0,"52":0,"53":0,"54":0,"55":0,"56":0,"57":0,"58":0,"59":0,"60":1,"61":0,"62":0,"63":0,"64":0,"65":0,"66":1,"67":0,"68":0,"69":0,"70":0,"71":0,"72":0,"73":0,"74":0,"75":0,"76":1},"f":{"0":0,"1":0,"2":0,"3":0,"4":0,"5":0,"6":0,"7":0,"8":0,"9":0},"b":{"0":[0,0],"1":[0,0],"2":[0,0],"3":[0,0],"4":[0,0,0,0],"5":[0,0],"6":[0,0],"7":[0,0],"8":[0,0],"9":[0,0],"10":[0,0],"11":[0,0],"12":[0,0],"13":[0,0]},"_coverageSchema":"1a1c01bbd47fc00a2c39e90264f33305004495a9","hash":"827d694916eb12d71048bad8770a297d3c02fad6"}
,"/Users/mac/Documents/Project/flook-server-app/controllers/review/comment.js": {"path":"/Users/mac/Documents/Project/flook-server-app/controllers/review/comment.js","statementMap":{"0":{"start":{"line":1,"column":15},"end":{"line":1,"column":38}},"1":{"start":{"line":2,"column":17},"end":{"line":2,"column":52}},"2":{"start":{"line":3,"column":20},"end":{"line":3,"column":54}},"3":{"start":{"line":8,"column":19},"end":{"line":28,"column":1}},"4":{"start":{"line":9,"column":17},"end":{"line":9,"column":27}},"5":{"start":{"line":11,"column":2},"end":{"line":27,"column":3}},"6":{"start":{"line":12,"column":4},"end":{"line":12,"column":70}},"7":{"start":{"line":14,"column":20},"end":{"line":14,"column":64}},"8":{"start":{"line":15,"column":4},"end":{"line":26,"column":9}},"9":{"start":{"line":17,"column":8},"end":{"line":21,"column":10}},"10":{"start":{"line":24,"column":8},"end":{"line":24,"column":38}},"11":{"start":{"line":25,"column":8},"end":{"line":25,"column":44}},"12":{"start":{"line":30,"column":22},"end":{"line":59,"column":1}},"13":{"start":{"line":31,"column":24},"end":{"line":31,"column":34}},"14":{"start":{"line":32,"column":28},"end":{"line":32,"column":43}},"15":{"start":{"line":33,"column":15},"end":{"line":33,"column":39}},"16":{"start":{"line":34,"column":20},"end":{"line":34,"column":33}},"17":{"start":{"line":35,"column":17},"end":{"line":35,"column":30}},"18":{"start":{"line":37,"column":2},"end":{"line":58,"column":3}},"19":{"start":{"line":38,"column":4},"end":{"line":53,"column":5}},"20":{"start":{"line":39,"column":22},"end":{"line":39,"column":74}},"21":{"start":{"line":40,"column":21},"end":{"line":44,"column":7}},"22":{"start":{"line":45,"column":23},"end":{"line":49,"column":7}},"23":{"start":{"line":50,"column":6},"end":{"line":50,"column":44}},"24":{"start":{"line":52,"column":6},"end":{"line":52,"column":42}},"25":{"start":{"line":55,"column":4},"end":{"line":57,"column":66}},"26":{"start":{"line":61,"column":22},"end":{"line":83,"column":1}},"27":{"start":{"line":62,"column":13},"end":{"line":62,"column":26}},"28":{"start":{"line":63,"column":24},"end":{"line":63,"column":34}},"29":{"start":{"line":64,"column":28},"end":{"line":64,"column":43}},"30":{"start":{"line":66,"column":2},"end":{"line":82,"column":3}},"31":{"start":{"line":67,"column":4},"end":{"line":78,"column":5}},"32":{"start":{"line":68,"column":18},"end":{"line":68,"column":68}},"33":{"start":{"line":69,"column":6},"end":{"line":71,"column":7}},"34":{"start":{"line":70,"column":8},"end":{"line":70,"column":43}},"35":{"start":{"line":72,"column":6},"end":{"line":72,"column":47}},"36":{"start":{"line":73,"column":6},"end":{"line":73,"column":77}},"37":{"start":{"line":75,"column":6},"end":{"line":77,"column":68}},"38":{"start":{"line":80,"column":4},"end":{"line":80,"column":40}},"39":{"start":{"line":81,"column":4},"end":{"line":81,"column":23}},"40":{"start":{"line":86,"column":23},"end":{"line":163,"column":1}},"41":{"start":{"line":87,"column":15},"end":{"line":87,"column":40}},"42":{"start":{"line":88,"column":20},"end":{"line":88,"column":33}},"43":{"start":{"line":89,"column":2},"end":{"line":91,"column":3}},"44":{"start":{"line":90,"column":4},"end":{"line":90,"column":65}},"45":{"start":{"line":92,"column":2},"end":{"line":162,"column":3}},"46":{"start":{"line":93,"column":4},"end":{"line":93,"column":32}},"47":{"start":{"line":94,"column":4},"end":{"line":109,"column":5}},"48":{"start":{"line":95,"column":21},"end":{"line":102,"column":7}},"49":{"start":{"line":103,"column":6},"end":{"line":105,"column":80}},"50":{"start":{"line":107,"column":6},"end":{"line":107,"column":42}},"51":{"start":{"line":108,"column":6},"end":{"line":108,"column":36}},"52":{"start":{"line":110,"column":9},"end":{"line":162,"column":3}},"53":{"start":{"line":111,"column":4},"end":{"line":111,"column":32}},"54":{"start":{"line":112,"column":4},"end":{"line":128,"column":5}},"55":{"start":{"line":113,"column":21},"end":{"line":120,"column":7}},"56":{"start":{"line":121,"column":6},"end":{"line":125,"column":70}},"57":{"start":{"line":127,"column":6},"end":{"line":127,"column":42}},"58":{"start":{"line":129,"column":9},"end":{"line":162,"column":3}},"59":{"start":{"line":130,"column":4},"end":{"line":130,"column":32}},"60":{"start":{"line":131,"column":4},"end":{"line":145,"column":5}},"61":{"start":{"line":132,"column":21},"end":{"line":136,"column":7}},"62":{"start":{"line":137,"column":6},"end":{"line":139,"column":7}},"63":{"start":{"line":138,"column":8},"end":{"line":138,"column":71}},"64":{"start":{"line":140,"column":6},"end":{"line":142,"column":65}},"65":{"start":{"line":144,"column":6},"end":{"line":144,"column":42}},"66":{"start":{"line":147,"column":4},"end":{"line":147,"column":32}},"67":{"start":{"line":148,"column":4},"end":{"line":161,"column":5}},"68":{"start":{"line":149,"column":21},"end":{"line":153,"column":7}},"69":{"start":{"line":154,"column":6},"end":{"line":156,"column":7}},"70":{"start":{"line":155,"column":8},"end":{"line":155,"column":71}},"71":{"start":{"line":158,"column":6},"end":{"line":158,"column":74}},"72":{"start":{"line":160,"column":6},"end":{"line":160,"column":42}},"73":{"start":{"line":165,"column":26},"end":{"line":214,"column":1}},"74":{"start":{"line":166,"column":18},"end":{"line":166,"column":35}},"75":{"start":{"line":167,"column":15},"end":{"line":167,"column":36}},"76":{"start":{"line":168,"column":17},"end":{"line":168,"column":33}},"77":{"start":{"line":169,"column":15},"end":{"line":169,"column":29}},"78":{"start":{"line":170,"column":13},"end":{"line":170,"column":37}},"79":{"start":{"line":171,"column":20},"end":{"line":171,"column":21}},"80":{"start":{"line":172,"column":2},"end":{"line":172,"column":40}},"81":{"start":{"line":173,"column":15},"end":{"line":173,"column":37}},"82":{"start":{"line":174,"column":2},"end":{"line":213,"column":3}},"83":{"start":{"line":175,"column":4},"end":{"line":175,"column":65}},"84":{"start":{"line":177,"column":4},"end":{"line":212,"column":5}},"85":{"start":{"line":178,"column":6},"end":{"line":178,"column":40}},"86":{"start":{"line":179,"column":21},"end":{"line":182,"column":25}},"87":{"start":{"line":183,"column":6},"end":{"line":183,"column":52}},"88":{"start":{"line":184,"column":11},"end":{"line":212,"column":5}},"89":{"start":{"line":185,"column":6},"end":{"line":185,"column":29}},"90":{"start":{"line":186,"column":21},"end":{"line":190,"column":52}},"91":{"start":{"line":191,"column":6},"end":{"line":191,"column":52}},"92":{"start":{"line":192,"column":11},"end":{"line":212,"column":5}},"93":{"start":{"line":193,"column":6},"end":{"line":193,"column":38}},"94":{"start":{"line":194,"column":21},"end":{"line":196,"column":18}},"95":{"start":{"line":197,"column":6},"end":{"line":197,"column":52}},"96":{"start":{"line":199,"column":6},"end":{"line":199,"column":34}},"97":{"start":{"line":200,"column":19},"end":{"line":204,"column":8}},"98":{"start":{"line":205,"column":6},"end":{"line":205,"column":70}},"99":{"start":{"line":205,"column":37},"end":{"line":205,"column":68}},"100":{"start":{"line":207,"column":19},"end":{"line":207,"column":21}},"101":{"start":{"line":208,"column":6},"end":{"line":210,"column":7}},"102":{"start":{"line":208,"column":19},"end":{"line":208,"column":20}},"103":{"start":{"line":209,"column":8},"end":{"line":209,"column":31}},"104":{"start":{"line":211,"column":6},"end":{"line":211,"column":52}},"105":{"start":{"line":215,"column":0},"end":{"line":221,"column":2}}},"fnMap":{"0":{"name":"(anonymous_0)","decl":{"start":{"line":8,"column":19},"end":{"line":8,"column":20}},"loc":{"start":{"line":8,"column":39},"end":{"line":28,"column":1}},"line":8},"1":{"name":"(anonymous_1)","decl":{"start":{"line":16,"column":12},"end":{"line":16,"column":13}},"loc":{"start":{"line":17,"column":8},"end":{"line":21,"column":10}},"line":17},"2":{"name":"(anonymous_2)","decl":{"start":{"line":23,"column":13},"end":{"line":23,"column":14}},"loc":{"start":{"line":23,"column":24},"end":{"line":26,"column":7}},"line":23},"3":{"name":"(anonymous_3)","decl":{"start":{"line":30,"column":22},"end":{"line":30,"column":23}},"loc":{"start":{"line":30,"column":42},"end":{"line":59,"column":1}},"line":30},"4":{"name":"(anonymous_4)","decl":{"start":{"line":61,"column":22},"end":{"line":61,"column":23}},"loc":{"start":{"line":61,"column":42},"end":{"line":83,"column":1}},"line":61},"5":{"name":"(anonymous_5)","decl":{"start":{"line":86,"column":23},"end":{"line":86,"column":24}},"loc":{"start":{"line":86,"column":43},"end":{"line":163,"column":1}},"line":86},"6":{"name":"(anonymous_6)","decl":{"start":{"line":165,"column":26},"end":{"line":165,"column":27}},"loc":{"start":{"line":165,"column":46},"end":{"line":214,"column":1}},"line":165},"7":{"name":"(anonymous_7)","decl":{"start":{"line":205,"column":27},"end":{"line":205,"column":28}},"loc":{"start":{"line":205,"column":37},"end":{"line":205,"column":68}},"line":205}},"branchMap":{"0":{"loc":{"start":{"line":11,"column":2},"end":{"line":27,"column":3}},"type":"if","locations":[{"start":{"line":11,"column":2},"end":{"line":27,"column":3}},{"start":{"line":13,"column":9},"end":{"line":27,"column":3}}],"line":11},"1":{"loc":{"start":{"line":37,"column":2},"end":{"line":58,"column":3}},"type":"if","locations":[{"start":{"line":37,"column":2},"end":{"line":58,"column":3}},{"start":{"line":54,"column":9},"end":{"line":58,"column":3}}],"line":37},"2":{"loc":{"start":{"line":67,"column":4},"end":{"line":78,"column":5}},"type":"if","locations":[{"start":{"line":67,"column":4},"end":{"line":78,"column":5}},{"start":{"line":74,"column":11},"end":{"line":78,"column":5}}],"line":67},"3":{"loc":{"start":{"line":69,"column":6},"end":{"line":71,"column":7}},"type":"if","locations":[{"start":{"line":69,"column":6},"end":{"line":71,"column":7}},{"start":{},"end":{}}],"line":69},"4":{"loc":{"start":{"line":89,"column":2},"end":{"line":91,"column":3}},"type":"if","locations":[{"start":{"line":89,"column":2},"end":{"line":91,"column":3}},{"start":{},"end":{}}],"line":89},"5":{"loc":{"start":{"line":89,"column":6},"end":{"line":89,"column":25}},"type":"binary-expr","locations":[{"start":{"line":89,"column":6},"end":{"line":89,"column":11}},{"start":{"line":89,"column":15},"end":{"line":89,"column":25}}],"line":89},"6":{"loc":{"start":{"line":92,"column":2},"end":{"line":162,"column":3}},"type":"if","locations":[{"start":{"line":92,"column":2},"end":{"line":162,"column":3}},{"start":{"line":110,"column":9},"end":{"line":162,"column":3}}],"line":92},"7":{"loc":{"start":{"line":103,"column":6},"end":{"line":105,"column":79}},"type":"cond-expr","locations":[{"start":{"line":104,"column":10},"end":{"line":104,"column":59}},{"start":{"line":105,"column":10},"end":{"line":105,"column":79}}],"line":103},"8":{"loc":{"start":{"line":110,"column":9},"end":{"line":162,"column":3}},"type":"if","locations":[{"start":{"line":110,"column":9},"end":{"line":162,"column":3}},{"start":{"line":129,"column":9},"end":{"line":162,"column":3}}],"line":110},"9":{"loc":{"start":{"line":121,"column":6},"end":{"line":125,"column":69}},"type":"cond-expr","locations":[{"start":{"line":122,"column":10},"end":{"line":122,"column":62}},{"start":{"line":123,"column":10},"end":{"line":125,"column":69}}],"line":121},"10":{"loc":{"start":{"line":129,"column":9},"end":{"line":162,"column":3}},"type":"if","locations":[{"start":{"line":129,"column":9},"end":{"line":162,"column":3}},{"start":{"line":146,"column":9},"end":{"line":162,"column":3}}],"line":129},"11":{"loc":{"start":{"line":137,"column":6},"end":{"line":139,"column":7}},"type":"if","locations":[{"start":{"line":137,"column":6},"end":{"line":139,"column":7}},{"start":{},"end":{}}],"line":137},"12":{"loc":{"start":{"line":154,"column":6},"end":{"line":156,"column":7}},"type":"if","locations":[{"start":{"line":154,"column":6},"end":{"line":156,"column":7}},{"start":{},"end":{}}],"line":154},"13":{"loc":{"start":{"line":172,"column":2},"end":{"line":172,"column":39}},"type":"cond-expr","locations":[{"start":{"line":172,"column":14},"end":{"line":172,"column":22}},{"start":{"line":172,"column":27},"end":{"line":172,"column":38}}],"line":172},"14":{"loc":{"start":{"line":174,"column":2},"end":{"line":213,"column":3}},"type":"if","locations":[{"start":{"line":174,"column":2},"end":{"line":213,"column":3}},{"start":{"line":176,"column":9},"end":{"line":213,"column":3}}],"line":174},"15":{"loc":{"start":{"line":177,"column":4},"end":{"line":212,"column":5}},"type":"if","locations":[{"start":{"line":177,"column":4},"end":{"line":212,"column":5}},{"start":{"line":184,"column":11},"end":{"line":212,"column":5}}],"line":177},"16":{"loc":{"start":{"line":177,"column":8},"end":{"line":177,"column":21}},"type":"binary-expr","locations":[{"start":{"line":177,"column":8},"end":{"line":177,"column":12}},{"start":{"line":177,"column":16},"end":{"line":177,"column":21}}],"line":177},"17":{"loc":{"start":{"line":184,"column":11},"end":{"line":212,"column":5}},"type":"if","locations":[{"start":{"line":184,"column":11},"end":{"line":212,"column":5}},{"start":{"line":192,"column":11},"end":{"line":212,"column":5}}],"line":184},"18":{"loc":{"start":{"line":184,"column":15},"end":{"line":184,"column":27}},"type":"binary-expr","locations":[{"start":{"line":184,"column":15},"end":{"line":184,"column":19}},{"start":{"line":184,"column":23},"end":{"line":184,"column":27}}],"line":184},"19":{"loc":{"start":{"line":190,"column":26},"end":{"line":190,"column":49}},"type":"cond-expr","locations":[{"start":{"line":190,"column":43},"end":{"line":190,"column":44}},{"start":{"line":190,"column":47},"end":{"line":190,"column":49}}],"line":190},"20":{"loc":{"start":{"line":192,"column":11},"end":{"line":212,"column":5}},"type":"if","locations":[{"start":{"line":192,"column":11},"end":{"line":212,"column":5}},{"start":{"line":198,"column":11},"end":{"line":212,"column":5}}],"line":192}},"s":{"0":1,"1":1,"2":1,"3":1,"4":0,"5":0,"6":0,"7":0,"8":0,"9":0,"10":0,"11":0,"12":1,"13":0,"14":0,"15":0,"16":0,"17":0,"18":0,"19":0,"20":0,"21":0,"22":0,"23":0,"24":0,"25":0,"26":1,"27":0,"28":0,"29":0,"30":0,"31":0,"32":0,"33":0,"34":0,"35":0,"36":0,"37":0,"38":0,"39":0,"40":1,"41":0,"42":0,"43":0,"44":0,"45":0,"46":0,"47":0,"48":0,"49":0,"50":0,"51":0,"52":0,"53":0,"54":0,"55":0,"56":0,"57":0,"58":0,"59":0,"60":0,"61":0,"62":0,"63":0,"64":0,"65":0,"66":0,"67":0,"68":0,"69":0,"70":0,"71":0,"72":0,"73":1,"74":0,"75":0,"76":0,"77":0,"78":0,"79":0,"80":0,"81":0,"82":0,"83":0,"84":0,"85":0,"86":0,"87":0,"88":0,"89":0,"90":0,"91":0,"92":0,"93":0,"94":0,"95":0,"96":0,"97":0,"98":0,"99":0,"100":0,"101":0,"102":0,"103":0,"104":0,"105":1},"f":{"0":0,"1":0,"2":0,"3":0,"4":0,"5":0,"6":0,"7":0},"b":{"0":[0,0],"1":[0,0],"2":[0,0],"3":[0,0],"4":[0,0],"5":[0,0],"6":[0,0],"7":[0,0],"8":[0,0],"9":[0,0],"10":[0,0],"11":[0,0],"12":[0,0],"13":[0,0],"14":[0,0],"15":[0,0],"16":[0,0],"17":[0,0],"18":[0,0],"19":[0,0],"20":[0,0]},"_coverageSchema":"1a1c01bbd47fc00a2c39e90264f33305004495a9","hash":"fa4d8e943a687524cbc53ac6c4ee36b4491b0300"}
,"/Users/mac/Documents/Project/flook-server-app/controllers/storybook/author.js": {"path":"/Users/mac/Documents/Project/flook-server-app/controllers/storybook/author.js","statementMap":{"0":{"start":{"line":1,"column":19},"end":{"line":1,"column":53}},"1":{"start":{"line":2,"column":15},"end":{"line":2,"column":38}},"2":{"start":{"line":3,"column":20},"end":{"line":3,"column":54}},"3":{"start":{"line":4,"column":17},"end":{"line":4,"column":52}},"4":{"start":{"line":5,"column":15},"end":{"line":5,"column":52}},"5":{"start":{"line":6,"column":19},"end":{"line":6,"column":56}},"6":{"start":{"line":9,"column":17},"end":{"line":16,"column":1}},"7":{"start":{"line":10,"column":2},"end":{"line":15,"column":3}},"8":{"start":{"line":11,"column":19},"end":{"line":11,"column":46}},"9":{"start":{"line":12,"column":4},"end":{"line":12,"column":48}},"10":{"start":{"line":14,"column":4},"end":{"line":14,"column":40}},"11":{"start":{"line":19,"column":18},"end":{"line":44,"column":1}},"12":{"start":{"line":20,"column":21},"end":{"line":20,"column":34}},"13":{"start":{"line":21,"column":2},"end":{"line":42,"column":3}},"14":{"start":{"line":22,"column":17},"end":{"line":22,"column":67}},"15":{"start":{"line":23,"column":4},"end":{"line":26,"column":5}},"16":{"start":{"line":24,"column":6},"end":{"line":24,"column":44}},"17":{"start":{"line":25,"column":6},"end":{"line":25,"column":40}},"18":{"start":{"line":27,"column":24},"end":{"line":27,"column":80}},"19":{"start":{"line":28,"column":22},"end":{"line":30,"column":6}},"20":{"start":{"line":31,"column":17},"end":{"line":31,"column":76}},"21":{"start":{"line":32,"column":4},"end":{"line":32,"column":51}},"22":{"start":{"line":32,"column":41},"end":{"line":32,"column":49}},"23":{"start":{"line":33,"column":19},"end":{"line":33,"column":41}},"24":{"start":{"line":34,"column":4},"end":{"line":39,"column":5}},"25":{"start":{"line":35,"column":23},"end":{"line":37,"column":7}},"26":{"start":{"line":38,"column":6},"end":{"line":38,"column":44}},"27":{"start":{"line":41,"column":4},"end":{"line":41,"column":40}},"28":{"start":{"line":46,"column":19},"end":{"line":48,"column":1}},"29":{"start":{"line":50,"column":0},"end":{"line":50,"column":27}}},"fnMap":{"0":{"name":"(anonymous_0)","decl":{"start":{"line":9,"column":17},"end":{"line":9,"column":18}},"loc":{"start":{"line":9,"column":37},"end":{"line":16,"column":1}},"line":9},"1":{"name":"(anonymous_1)","decl":{"start":{"line":19,"column":18},"end":{"line":19,"column":19}},"loc":{"start":{"line":19,"column":38},"end":{"line":44,"column":1}},"line":19},"2":{"name":"(anonymous_2)","decl":{"start":{"line":32,"column":31},"end":{"line":32,"column":32}},"loc":{"start":{"line":32,"column":41},"end":{"line":32,"column":49}},"line":32}},"branchMap":{"0":{"loc":{"start":{"line":23,"column":4},"end":{"line":26,"column":5}},"type":"if","locations":[{"start":{"line":23,"column":4},"end":{"line":26,"column":5}},{"start":{},"end":{}}],"line":23},"1":{"loc":{"start":{"line":34,"column":4},"end":{"line":39,"column":5}},"type":"if","locations":[{"start":{"line":34,"column":4},"end":{"line":39,"column":5}},{"start":{},"end":{}}],"line":34}},"s":{"0":1,"1":1,"2":1,"3":1,"4":1,"5":1,"6":1,"7":0,"8":0,"9":0,"10":0,"11":1,"12":0,"13":0,"14":0,"15":0,"16":0,"17":0,"18":0,"19":0,"20":0,"21":0,"22":0,"23":0,"24":0,"25":0,"26":0,"27":0,"28":1,"29":1},"f":{"0":0,"1":0,"2":0},"b":{"0":[0,0],"1":[0,0]},"_coverageSchema":"1a1c01bbd47fc00a2c39e90264f33305004495a9","hash":"1cb192b1ecc1b411004b13d6ae54a85ec0d31bc7"}
,"/Users/mac/Documents/Project/flook-server-app/controllers/storybook/chapter.js": {"path":"/Users/mac/Documents/Project/flook-server-app/controllers/storybook/chapter.js","statementMap":{"0":{"start":{"line":1,"column":15},"end":{"line":1,"column":38}},"1":{"start":{"line":2,"column":17},"end":{"line":2,"column":52}},"2":{"start":{"line":3,"column":20},"end":{"line":3,"column":54}},"3":{"start":{"line":5,"column":24},"end":{"line":18,"column":1}},"4":{"start":{"line":6,"column":13},"end":{"line":6,"column":26}},"5":{"start":{"line":8,"column":2},"end":{"line":17,"column":3}},"6":{"start":{"line":9,"column":19},"end":{"line":9,"column":75}},"7":{"start":{"line":14,"column":4},"end":{"line":14,"column":41}},"8":{"start":{"line":16,"column":4},"end":{"line":16,"column":40}},"9":{"start":{"line":20,"column":29},"end":{"line":49,"column":1}},"10":{"start":{"line":21,"column":18},"end":{"line":21,"column":36}},"11":{"start":{"line":23,"column":20},"end":{"line":23,"column":22}},"12":{"start":{"line":24,"column":13},"end":{"line":24,"column":37}},"13":{"start":{"line":25,"column":15},"end":{"line":25,"column":29}},"14":{"start":{"line":27,"column":2},"end":{"line":27,"column":40}},"15":{"start":{"line":28,"column":15},"end":{"line":28,"column":37}},"16":{"start":{"line":30,"column":2},"end":{"line":48,"column":3}},"17":{"start":{"line":31,"column":24},"end":{"line":31,"column":58}},"18":{"start":{"line":33,"column":18},"end":{"line":33,"column":76}},"19":{"start":{"line":36,"column":19},"end":{"line":40,"column":22}},"20":{"start":{"line":45,"column":4},"end":{"line":45,"column":82}},"21":{"start":{"line":47,"column":4},"end":{"line":47,"column":40}},"22":{"start":{"line":51,"column":19},"end":{"line":76,"column":1}},"23":{"start":{"line":52,"column":2},"end":{"line":73,"column":3}},"24":{"start":{"line":53,"column":17},"end":{"line":53,"column":25}},"25":{"start":{"line":55,"column":19},"end":{"line":55,"column":69}},"26":{"start":{"line":58,"column":4},"end":{"line":68,"column":5}},"27":{"start":{"line":59,"column":6},"end":{"line":59,"column":27}},"28":{"start":{"line":60,"column":21},"end":{"line":63,"column":7}},"29":{"start":{"line":64,"column":6},"end":{"line":66,"column":7}},"30":{"start":{"line":65,"column":8},"end":{"line":65,"column":69}},"31":{"start":{"line":67,"column":6},"end":{"line":67,"column":53}},"32":{"start":{"line":69,"column":4},"end":{"line":69,"column":51}},"33":{"start":{"line":72,"column":4},"end":{"line":72,"column":34}},"34":{"start":{"line":79,"column":0},"end":{"line":83,"column":1}}},"fnMap":{"0":{"name":"(anonymous_0)","decl":{"start":{"line":5,"column":24},"end":{"line":5,"column":25}},"loc":{"start":{"line":5,"column":44},"end":{"line":18,"column":1}},"line":5},"1":{"name":"(anonymous_1)","decl":{"start":{"line":20,"column":29},"end":{"line":20,"column":30}},"loc":{"start":{"line":20,"column":49},"end":{"line":49,"column":1}},"line":20},"2":{"name":"(anonymous_2)","decl":{"start":{"line":51,"column":19},"end":{"line":51,"column":20}},"loc":{"start":{"line":51,"column":39},"end":{"line":76,"column":1}},"line":51}},"branchMap":{"0":{"loc":{"start":{"line":27,"column":2},"end":{"line":27,"column":39}},"type":"cond-expr","locations":[{"start":{"line":27,"column":14},"end":{"line":27,"column":22}},{"start":{"line":27,"column":27},"end":{"line":27,"column":38}}],"line":27},"1":{"loc":{"start":{"line":31,"column":24},"end":{"line":31,"column":58}},"type":"cond-expr","locations":[{"start":{"line":31,"column":42},"end":{"line":31,"column":51}},{"start":{"line":31,"column":54},"end":{"line":31,"column":58}}],"line":31},"2":{"loc":{"start":{"line":58,"column":4},"end":{"line":68,"column":5}},"type":"if","locations":[{"start":{"line":58,"column":4},"end":{"line":68,"column":5}},{"start":{},"end":{}}],"line":58},"3":{"loc":{"start":{"line":64,"column":6},"end":{"line":66,"column":7}},"type":"if","locations":[{"start":{"line":64,"column":6},"end":{"line":66,"column":7}},{"start":{},"end":{}}],"line":64}},"s":{"0":1,"1":1,"2":1,"3":1,"4":0,"5":0,"6":0,"7":0,"8":0,"9":1,"10":0,"11":0,"12":0,"13":0,"14":0,"15":0,"16":0,"17":0,"18":0,"19":0,"20":0,"21":0,"22":1,"23":0,"24":0,"25":0,"26":0,"27":0,"28":0,"29":0,"30":0,"31":0,"32":0,"33":0,"34":1},"f":{"0":0,"1":0,"2":0},"b":{"0":[0,0],"1":[0,0],"2":[0,0],"3":[0,0]},"_coverageSchema":"1a1c01bbd47fc00a2c39e90264f33305004495a9","hash":"4c99c1edb93548bcf128f253bd917326e02fd085"}
,"/Users/mac/Documents/Project/flook-server-app/controllers/storybook/ebooks.js": {"path":"/Users/mac/Documents/Project/flook-server-app/controllers/storybook/ebooks.js","statementMap":{"0":{"start":{"line":1,"column":19},"end":{"line":1,"column":53}},"1":{"start":{"line":2,"column":20},"end":{"line":2,"column":54}},"2":{"start":{"line":3,"column":17},"end":{"line":3,"column":52}},"3":{"start":{"line":4,"column":19},"end":{"line":4,"column":56}},"4":{"start":{"line":5,"column":15},"end":{"line":5,"column":50}},"5":{"start":{"line":6,"column":15},"end":{"line":6,"column":38}},"6":{"start":{"line":8,"column":20},"end":{"line":22,"column":1}},"7":{"start":{"line":9,"column":2},"end":{"line":21,"column":3}},"8":{"start":{"line":10,"column":22},"end":{"line":10,"column":59}},"9":{"start":{"line":11,"column":19},"end":{"line":11,"column":73}},"10":{"start":{"line":12,"column":4},"end":{"line":18,"column":5}},"11":{"start":{"line":13,"column":6},"end":{"line":13,"column":64}},"12":{"start":{"line":14,"column":11},"end":{"line":18,"column":5}},"13":{"start":{"line":15,"column":6},"end":{"line":15,"column":94}},"14":{"start":{"line":16,"column":11},"end":{"line":18,"column":5}},"15":{"start":{"line":17,"column":6},"end":{"line":17,"column":105}},"16":{"start":{"line":20,"column":4},"end":{"line":20,"column":39}},"17":{"start":{"line":25,"column":22},"end":{"line":27,"column":1}},"18":{"start":{"line":29,"column":22},"end":{"line":41,"column":1}},"19":{"start":{"line":30,"column":13},"end":{"line":30,"column":26}},"20":{"start":{"line":32,"column":2},"end":{"line":40,"column":3}},"21":{"start":{"line":33,"column":4},"end":{"line":33,"column":64}},"22":{"start":{"line":34,"column":4},"end":{"line":34,"column":58}},"23":{"start":{"line":35,"column":4},"end":{"line":35,"column":27}},"24":{"start":{"line":37,"column":4},"end":{"line":37,"column":38}},"25":{"start":{"line":39,"column":4},"end":{"line":39,"column":40}},"26":{"start":{"line":43,"column":18},"end":{"line":58,"column":1}},"27":{"start":{"line":45,"column":18},"end":{"line":45,"column":35}},"28":{"start":{"line":48,"column":2},"end":{"line":57,"column":3}},"29":{"start":{"line":49,"column":4},"end":{"line":53,"column":46}},"30":{"start":{"line":54,"column":4},"end":{"line":54,"column":40}},"31":{"start":{"line":56,"column":4},"end":{"line":56,"column":40}},"32":{"start":{"line":60,"column":25},"end":{"line":81,"column":1}},"33":{"start":{"line":62,"column":2},"end":{"line":79,"column":3}},"34":{"start":{"line":63,"column":22},"end":{"line":63,"column":41}},"35":{"start":{"line":64,"column":17},"end":{"line":64,"column":31}},"36":{"start":{"line":66,"column":18},"end":{"line":66,"column":72}},"37":{"start":{"line":67,"column":4},"end":{"line":67,"column":22}},"38":{"start":{"line":69,"column":4},"end":{"line":72,"column":5}},"39":{"start":{"line":70,"column":6},"end":{"line":70,"column":37}},"40":{"start":{"line":71,"column":6},"end":{"line":71,"column":79}},"41":{"start":{"line":74,"column":19},"end":{"line":74,"column":61}},"42":{"start":{"line":75,"column":4},"end":{"line":75,"column":40}},"43":{"start":{"line":78,"column":4},"end":{"line":78,"column":40}},"44":{"start":{"line":83,"column":26},"end":{"line":104,"column":1}},"45":{"start":{"line":85,"column":2},"end":{"line":102,"column":3}},"46":{"start":{"line":86,"column":23},"end":{"line":86,"column":43}},"47":{"start":{"line":87,"column":18},"end":{"line":87,"column":78}},"48":{"start":{"line":88,"column":17},"end":{"line":88,"column":31}},"49":{"start":{"line":90,"column":19},"end":{"line":90,"column":75}},"50":{"start":{"line":91,"column":4},"end":{"line":91,"column":23}},"51":{"start":{"line":92,"column":4},"end":{"line":95,"column":5}},"52":{"start":{"line":93,"column":6},"end":{"line":93,"column":37}},"53":{"start":{"line":94,"column":6},"end":{"line":94,"column":80}},"54":{"start":{"line":97,"column":19},"end":{"line":97,"column":63}},"55":{"start":{"line":98,"column":4},"end":{"line":98,"column":40}},"56":{"start":{"line":101,"column":4},"end":{"line":101,"column":40}},"57":{"start":{"line":106,"column":17},"end":{"line":149,"column":1}},"58":{"start":{"line":108,"column":19},"end":{"line":108,"column":33}},"59":{"start":{"line":110,"column":2},"end":{"line":147,"column":3}},"60":{"start":{"line":111,"column":18},"end":{"line":111,"column":66}},"61":{"start":{"line":113,"column":4},"end":{"line":116,"column":5}},"62":{"start":{"line":114,"column":6},"end":{"line":114,"column":41}},"63":{"start":{"line":115,"column":6},"end":{"line":115,"column":41}},"64":{"start":{"line":118,"column":24},"end":{"line":118,"column":80}},"65":{"start":{"line":119,"column":20},"end":{"line":121,"column":6}},"66":{"start":{"line":123,"column":22},"end":{"line":123,"column":81}},"67":{"start":{"line":124,"column":4},"end":{"line":124,"column":57}},"68":{"start":{"line":124,"column":46},"end":{"line":124,"column":55}},"69":{"start":{"line":126,"column":19},"end":{"line":126,"column":80}},"70":{"start":{"line":127,"column":4},"end":{"line":127,"column":23}},"71":{"start":{"line":128,"column":4},"end":{"line":136,"column":5}},"72":{"start":{"line":129,"column":24},"end":{"line":131,"column":8}},"73":{"start":{"line":132,"column":6},"end":{"line":132,"column":29}},"74":{"start":{"line":133,"column":6},"end":{"line":133,"column":59}},"75":{"start":{"line":133,"column":47},"end":{"line":133,"column":57}},"76":{"start":{"line":135,"column":6},"end":{"line":135,"column":59}},"77":{"start":{"line":135,"column":47},"end":{"line":135,"column":57}},"78":{"start":{"line":138,"column":19},"end":{"line":138,"column":39}},"79":{"start":{"line":139,"column":4},"end":{"line":144,"column":5}},"80":{"start":{"line":140,"column":23},"end":{"line":142,"column":7}},"81":{"start":{"line":143,"column":6},"end":{"line":143,"column":44}},"82":{"start":{"line":146,"column":4},"end":{"line":146,"column":40}},"83":{"start":{"line":153,"column":19},"end":{"line":188,"column":1}},"84":{"start":{"line":154,"column":41},"end":{"line":154,"column":86}},"85":{"start":{"line":155,"column":20},"end":{"line":155,"column":22}},"86":{"start":{"line":156,"column":19},"end":{"line":156,"column":43}},"87":{"start":{"line":157,"column":15},"end":{"line":157,"column":57}},"88":{"start":{"line":158,"column":57},"end":{"line":158,"column":65}},"89":{"start":{"line":160,"column":2},"end":{"line":165,"column":3}},"90":{"start":{"line":161,"column":17},"end":{"line":161,"column":37}},"91":{"start":{"line":161,"column":38},"end":{"line":161,"column":44}},"92":{"start":{"line":162,"column":18},"end":{"line":162,"column":39}},"93":{"start":{"line":162,"column":40},"end":{"line":162,"column":46}},"94":{"start":{"line":163,"column":19},"end":{"line":163,"column":25}},"95":{"start":{"line":164,"column":13},"end":{"line":164,"column":34}},"96":{"start":{"line":164,"column":35},"end":{"line":164,"column":40}},"97":{"start":{"line":166,"column":2},"end":{"line":176,"column":3}},"98":{"start":{"line":167,"column":4},"end":{"line":167,"column":15}},"99":{"start":{"line":169,"column":4},"end":{"line":175,"column":5}},"100":{"start":{"line":177,"column":2},"end":{"line":187,"column":3}},"101":{"start":{"line":178,"column":18},"end":{"line":178,"column":56}},"102":{"start":{"line":179,"column":4},"end":{"line":183,"column":5}},"103":{"start":{"line":180,"column":6},"end":{"line":180,"column":108}},"104":{"start":{"line":181,"column":11},"end":{"line":183,"column":5}},"105":{"start":{"line":182,"column":6},"end":{"line":182,"column":93}},"106":{"start":{"line":184,"column":4},"end":{"line":184,"column":89}},"107":{"start":{"line":186,"column":4},"end":{"line":186,"column":46}},"108":{"start":{"line":191,"column":24},"end":{"line":205,"column":1}},"109":{"start":{"line":204,"column":2},"end":{"line":204,"column":50}},"110":{"start":{"line":206,"column":24},"end":{"line":225,"column":1}},"111":{"start":{"line":208,"column":13},"end":{"line":208,"column":26}},"112":{"start":{"line":209,"column":19},"end":{"line":209,"column":51}},"113":{"start":{"line":212,"column":2},"end":{"line":223,"column":3}},"114":{"start":{"line":213,"column":4},"end":{"line":213,"column":115}},"115":{"start":{"line":214,"column":4},"end":{"line":214,"column":21}},"116":{"start":{"line":215,"column":4},"end":{"line":218,"column":5}},"117":{"start":{"line":216,"column":6},"end":{"line":216,"column":37}},"118":{"start":{"line":217,"column":6},"end":{"line":217,"column":72}},"119":{"start":{"line":219,"column":4},"end":{"line":219,"column":45}},"120":{"start":{"line":220,"column":4},"end":{"line":220,"column":75}},"121":{"start":{"line"
[...]
,"/Users/mac/Documents/Project/flook-server-app/models/movie/cast.js": {"path":"/Users/mac/Documents/Project/flook-server-app/models/movie/cast.js","statementMap":{"0":{"start":{"line":1,"column":17},"end":{"line":1,"column":36}},"1":{"start":{"line":3,"column":14},"end":{"line":11,"column":2}},"2":{"start":{"line":13,"column":0},"end":{"line":13,"column":22}}},"fnMap":{},"branchMap":{},"s":{"0":1,"1":1,"2":1},"f":{},"b":{},"_coverageSchema":"1a1c01bbd47fc00a2c39e90264f33305004495a9","hash":"1970a7d1ffdc79c237dd65e80db33926475770ec"}
,"/Users/mac/Documents/Project/flook-server-app/models/movie/movie.js": {"path":"/Users/mac/Documents/Project/flook-server-app/models/movie/movie.js","statementMap":{"0":{"start":{"line":1,"column":17},"end":{"line":1,"column":36}},"1":{"start":{"line":3,"column":15},"end":{"line":20,"column":2}},"2":{"start":{"line":23,"column":0},"end":{"line":23,"column":23}}},"fnMap":{},"branchMap":{},"s":{"0":1,"1":1,"2":1},"f":{},"b":{},"_coverageSchema":"1a1c01bbd47fc00a2c39e90264f33305004495a9","hash":"6472c5b2d6649a402010f39e492c9dc2bf5d00f5"}
,"/Users/mac/Documents/Project/flook-server-app/models/other/categories.js": {"path":"/Users/mac/Documents/Project/flook-server-app/models/other/categories.js","statementMap":{"0":{"start":{"line":1,"column":17},"end":{"line":1,"column":36}},"1":{"start":{"line":3,"column":23},"end":{"line":9,"column":2}},"2":{"start":{"line":12,"column":0},"end":{"line":12,"column":31}}},"fnMap":{},"branchMap":{},"s":{"0":1,"1":1,"2":1},"f":{},"b":{},"_coverageSchema":"1a1c01bbd47fc00a2c39e90264f33305004495a9","hash":"e4bdff5d7bef1288b22312efe58a4124e93dc44d"}
,"/Users/mac/Documents/Project/flook-server-app/models/other/status.js": {"path":"/Users/mac/Documents/Project/flook-server-app/models/other/status.js","statementMap":{"0":{"start":{"line":1,"column":17},"end":{"line":1,"column":36}},"1":{"start":{"line":3,"column":15},"end":{"line":8,"column":2}},"2":{"start":{"line":11,"column":0},"end":{"line":11,"column":23}}},"fnMap":{},"branchMap":{},"s":{"0":1,"1":1,"2":1},"f":{},"b":{},"_coverageSchema":"1a1c01bbd47fc00a2c39e90264f33305004495a9","hash":"af268eb81b60cb7ea45238929f7a07bbd2dd88dd"}
,"/Users/mac/Documents/Project/flook-server-app/models/review/comment.js": {"path":"/Users/mac/Documents/Project/flook-server-app/models/review/comment.js","statementMap":{"0":{"start":{"line":1,"column":17},"end":{"line":1,"column":36}},"1":{"start":{"line":3,"column":17},"end":{"line":15,"column":2}},"2":{"start":{"line":17,"column":0},"end":{"line":17,"column":26}}},"fnMap":{},"branchMap":{},"s":{"0":1,"1":1,"2":1},"f":{},"b":{},"_coverageSchema":"1a1c01bbd47fc00a2c39e90264f33305004495a9","hash":"4b1f3f2c400cf1c6a765d9e70ce8f48cbc4da3ec"}
,"/Users/mac/Documents/Project/flook-server-app/models/review/reviews.js": {"path":"/Users/mac/Documents/Project/flook-server-app/models/review/reviews.js","statementMap":{"0":{"start":{"line":1,"column":17},"end":{"line":1,"column":36}},"1":{"start":{"line":3,"column":16},"end":{"line":13,"column":2}},"2":{"start":{"line":15,"column":0},"end":{"line":15,"column":25}}},"fnMap":{},"branchMap":{},"s":{"0":1,"1":1,"2":1},"f":{},"b":{},"_coverageSchema":"1a1c01bbd47fc00a2c39e90264f33305004495a9","hash":"9bdeef639d5d686db502191852ef14d7913bdfd5"}
,"/Users/mac/Documents/Project/flook-server-app/models/storybook/author.js": {"path":"/Users/mac/Documents/Project/flook-server-app/models/storybook/author.js","statementMap":{"0":{"start":{"line":1,"column":17},"end":{"line":1,"column":36}},"1":{"start":{"line":3,"column":15},"end":{"line":20,"column":2}},"2":{"start":{"line":22,"column":0},"end":{"line":22,"column":24}}},"fnMap":{},"branchMap":{},"s":{"0":1,"1":1,"2":1},"f":{},"b":{},"_coverageSchema":"1a1c01bbd47fc00a2c39e90264f33305004495a9","hash":"330193bda05bb218757b56af8e1ec5f9dbbc5df3"}
,"/Users/mac/Documents/Project/flook-server-app/models/storybook/chapterChat.js": {"path":"/Users/mac/Documents/Project/flook-server-app/models/storybook/chapterChat.js","statementMap":{"0":{"start":{"line":1,"column":17},"end":{"line":1,"column":36}},"1":{"start":{"line":2,"column":22},"end":{"line":2,"column":60}},"2":{"start":{"line":4,"column":20},"end":{"line":14,"column":2}},"3":{"start":{"line":18,"column":0},"end":{"line":18,"column":29}}},"fnMap":{},"branchMap":{},"s":{"0":1,"1":1,"2":1,"3":1},"f":{},"b":{},"_coverageSchema":"1a1c01bbd47fc00a2c39e90264f33305004495a9","hash":"76bce34421b682c892b6bbfc69a83cb75e26c1a1"}
,"/Users/mac/Documents/Project/flook-server-app/models/storybook/chapterComic.js": {"path":"/Users/mac/Documents/Project/flook-server-app/models/storybook/chapterComic.js","statementMap":{"0":{"start":{"line":1,"column":17},"end":{"line":1,"column":36}},"1":{"start":{"line":2,"column":22},"end":{"line":2,"column":60}},"2":{"start":{"line":4,"column":21},"end":{"line":22,"column":2}},"3":{"start":{"line":24,"column":0},"end":{"line":24,"column":58}},"4":{"start":{"line":26,"column":0},"end":{"line":26,"column":30}}},"fnMap":{},"branchMap":{},"s":{"0":1,"1":1,"2":1,"3":1,"4":1},"f":{},"b":{},"_coverageSchema":"1a1c01bbd47fc00a2c39e90264f33305004495a9","hash":"3d61ca6256b8ee73d4abeae5f3dbcb3c98f4326b"}
,"/Users/mac/Documents/Project/flook-server-app/models/storybook/chapterNovel.js": {"path":"/Users/mac/Documents/Project/flook-server-app/models/storybook/chapterNovel.js","statementMap":{"0":{"start":{"line":1,"column":17},"end":{"line":1,"column":36}},"1":{"start":{"line":2,"column":22},"end":{"line":2,"column":60}},"2":{"start":{"line":4,"column":21},"end":{"line":15,"column":2}},"3":{"start":{"line":19,"column":0},"end":{"line":19,"column":30}}},"fnMap":{},"branchMap":{},"s":{"0":1,"1":1,"2":1,"3":1},"f":{},"b":{},"_coverageSchema":"1a1c01bbd47fc00a2c39e90264f33305004495a9","hash":"434cf7d064c710ac2dfc8be9a592eb70fc9a8576"}
,"/Users/mac/Documents/Project/flook-server-app/models/storybook/ebooks.js": {"path":"/Users/mac/Documents/Project/flook-server-app/models/storybook/ebooks.js","statementMap":{"0":{"start":{"line":1,"column":17},"end":{"line":1,"column":36}},"1":{"start":{"line":2,"column":17},"end":{"line":2,"column":52}},"2":{"start":{"line":3,"column":15},"end":{"line":3,"column":38}},"3":{"start":{"line":5,"column":15},"end":{"line":31,"column":2}},"4":{"start":{"line":37,"column":0},"end":{"line":37,"column":24}}},"fnMap":{},"branchMap":{},"s":{"0":1,"1":1,"2":1,"3":1,"4":1},"f":{},"b":{},"_coverageSchema":"1a1c01bbd47fc00a2c39e90264f33305004495a9","hash":"f82ebdf97da6aa9561de8ea8e71a10b341cf9003"}
,"/Users/mac/Documents/Project/flook-server-app/models/storybook/genre.js": {"path":"/Users/mac/Documents/Project/flook-server-app/models/storybook/genre.js","statementMap":{"0":{"start":{"line":1,"column":17},"end":{"line":1,"column":36}},"1":{"start":{"line":3,"column":18},"end":{"line":18,"column":2}},"2":{"start":{"line":20,"column":0},"end":{"line":20,"column":26}}},"fnMap":{},"branchMap":{},"s":{"0":1,"1":1,"2":1},"f":{},"b":{},"_coverageSchema":"1a1c01bbd47fc00a2c39e90264f33305004495a9","hash":"55dcf982af1b5114192ea15faad6852f02987dba"}
,"/Users/mac/Documents/Project/flook-server-app/routes/index.js": {"path":"/Users/mac/Documents/Project/flook-server-app/routes/index.js","statementMap":{"0":{"start":{"line":2,"column":0},"end":{"line":16,"column":1}},"1":{"start":{"line":4,"column":2},"end":{"line":6,"column":5}},"2":{"start":{"line":5,"column":4},"end":{"line":5,"column":51}},"3":{"start":{"line":8,"column":2},"end":{"line":8,"column":29}},"4":{"start":{"line":9,"column":2},"end":{"line":9,"column":30}},"5":{"start":{"line":10,"column":2},"end":{"line":10,"column":31}},"6":{"start":{"line":11,"column":2},"end":{"line":11,"column":34}},"7":{"start":{"line":12,"column":2},"end":{"line":12,"column":36}},"8":{"start":{"line":13,"column":2},"end":{"line":13,"column":35}},"9":{"start":{"line":14,"column":2},"end":{"line":14,"column":36}},"10":{"start":{"line":15,"column":2},"end":{"line":15,"column":37}}},"fnMap":{"0":{"name":"(anonymous_0)","decl":{"start":{"line":2,"column":17},"end":{"line":2,"column":18}},"loc":{"start":{"line":2,"column":24},"end":{"line":16,"column":1}},"line":2},"1":{"name":"(anonymous_1)","decl":{"start":{"line":4,"column":15},"end":{"line":4,"column":16}},"loc":{"start":{"line":4,"column":29},"end":{"line":6,"column":3}},"line":4}},"branchMap":{},"s":{"0":1,"1":1,"2":0,"3":1,"4":1,"5":1,"6":1,"7":1,"8":1,"9":1,"10":1},"f":{"0":1,"1":0},"b":{},"_coverageSchema":"1a1c01bbd47fc00a2c39e90264f33305004495a9","hash":"6df6d38d75895508bebceda5cfa5a403c777e51e"}
,"/Users/mac/Documents/Project/flook-server-app/routes/auth/user.js": {"path":"/Users/mac/Documents/Project/flook-server-app/routes/auth/user.js","statementMap":{"0":{"start":{"line":1,"column":15},"end":{"line":1,"column":53}},"1":{"start":{"line":2,"column":20},"end":{"line":2,"column":48}},"2":{"start":{"line":3,"column":19},"end":{"line":3,"column":47}},"3":{"start":{"line":4,"column":21},"end":{"line":4,"column":54}},"4":{"start":{"line":6,"column":0},"end":{"line":83,"column":2}},"5":{"start":{"line":8,"column":2},"end":{"line":12,"column":44}},"6":{"start":{"line":15,"column":2},"end":{"line":17,"column":44}},"7":{"start":{"line":20,"column":2},"end":{"line":22,"column":45}},"8":{"start":{"line":25,"column":2},"end":{"line":28,"column":40}},"9":{"start":{"line":31,"column":2},"end":{"line":32,"column":40}},"10":{"start":{"line":34,"column":2},"end":{"line":37,"column":38}},"11":{"start":{"line":40,"column":2},"end":{"line":44,"column":41}},"12":{"start":{"line":47,"column":2},"end":{"line":55,"column":42}},"13":{"start":{"line":58,"column":2},"end":{"line":60,"column":47}},"14":{"start":{"line":63,"column":2},"end":{"line":66,"column":48}},"15":{"start":{"line":69,"column":2},"end":{"line":75,"column":44}},"16":{"start":{"line":78,"column":2},"end":{"line":82,"column":44}}},"fnMap":{"0":{"name":"(anonymous_0)","decl":{"start":{"line":6,"column":17},"end":{"line":6,"column":18}},"loc":{"start":{"line":6,"column":24},"end":{"line":83,"column":1}},"line":6}},"branchMap":{},"s":{"0":1,"1":1,"2":1,"3":1,"4":1,"5":1,"6":1,"7":1,"8":1,"9":1,"10":1,"11":1,"12":1,"13":1,"14":1,"15":1,"16":1},"f":{"0":1},"b":{},"_coverageSchema":"1a1c01bbd47fc00a2c39e90264f33305004495a9","hash":"75e4c6e3e4c4abe17ff0a4c56e81a9e5aee1895d"}
,"/Users/mac/Documents/Project/flook-server-app/routes/movie/cast.js": {"path":"/Users/mac/Documents/Project/flook-server-app/routes/movie/cast.js","statementMap":{"0":{"start":{"line":1,"column":20},"end":{"line":1,"column":48}},"1":{"start":{"line":2,"column":19},"end":{"line":2,"column":47}},"2":{"start":{"line":4,"column":0},"end":{"line":28,"column":2}},"3":{"start":{"line":6,"column":2},"end":{"line":8,"column":40}},"4":{"start":{"line":10,"column":2},"end":{"line":14,"column":33}},"5":{"start":{"line":17,"column":2},"end":{"line":21,"column":32}},"6":{"start":{"line":23,"column":2},"end":{"line":26,"column":33}}},"fnMap":{"0":{"name":"(anonymous_0)","decl":{"start":{"line":4,"column":17},"end":{"line":4,"column":18}},"loc":{"start":{"line":4,"column":24},"end":{"line":28,"column":1}},"line":4}},"branchMap":{},"s":{"0":1,"1":1,"2":1,"3":1,"4":1,"5":1,"6":1},"f":{"0":1},"b":{},"_coverageSchema":"1a1c01bbd47fc00a2c39e90264f33305004495a9","hash":"1391d9f4055e4d173eabb43df9769ede47d2aff8"}
,"/Users/mac/Documents/Project/flook-server-app/routes/movie/movie.js": {"path":"/Users/mac/Documents/Project/flook-server-app/routes/movie/movie.js","statementMap":{"0":{"start":{"line":1,"column":20},"end":{"line":1,"column":48}},"1":{"start":{"line":2,"column":19},"end":{"line":2,"column":47}},"2":{"start":{"line":5,"column":0},"end":{"line":38,"column":1}},"3":{"start":{"line":7,"column":2},"end":{"line":8,"column":39}},"4":{"start":{"line":10,"column":2},"end":{"line":12,"column":47}},"5":{"start":{"line":14,"column":2},"end":{"line":17,"column":47}},"6":{"start":{"line":19,"column":2},"end":{"line":23,"column":44}},"7":{"start":{"line":25,"column":2},"end":{"line":29,"column":44}},"8":{"start":{"line":31,"column":2},"end":{"line":35,"column":41}}},"fnMap":{"0":{"name":"(anonymous_0)","decl":{"start":{"line":5,"column":17},"end":{"line":5,"column":18}},"loc":{"start":{"line":5,"column":24},"end":{"line":38,"column":1}},"line":5}},"branchMap":{},"s":{"0":1,"1":1,"2":1,"3":1,"4":1,"5":1,"6":1,"7":1,"8":1},"f":{"0":1},"b":{},"_coverageSchema":"1a1c01bbd47fc00a2c39e90264f33305004495a9","hash":"6be02f76faa97867754758a0ab4400ea32e44e77"}
,"/Users/mac/Documents/Project/flook-server-app/routes/review/comment.js": {"path":"/Users/mac/Documents/Project/flook-server-app/routes/review/comment.js","statementMap":{"0":{"start":{"line":1,"column":20},"end":{"line":1,"column":48}},"1":{"start":{"line":2,"column":19},"end":{"line":2,"column":47}},"2":{"start":{"line":4,"column":0},"end":{"line":32,"column":2}},"3":{"start":{"line":6,"column":2},"end":{"line":9,"column":35}},"4":{"start":{"line":12,"column":2},"end":{"line":15,"column":38}},"5":{"start":{"line":18,"column":2},"end":{"line":21,"column":38}},"6":{"start":{"line":23,"column":2},"end":{"line":26,"column":39}},"7":{"start":{"line":29,"column":2},"end":{"line":31,"column":42}}},"fnMap":{"0":{"name":"(anonymous_0)","decl":{"start":{"line":4,"column":17},"end":{"line":4,"column":18}},"loc":{"start":{"line":4,"column":24},"end":{"line":32,"column":1}},"line":4}},"branchMap":{},"s":{"0":1,"1":1,"2":1,"3":1,"4":1,"5":1,"6":1,"7":1},"f":{"0":1},"b":{},"_coverageSchema":"1a1c01bbd47fc00a2c39e90264f33305004495a9","hash":"0638bb2416ed596f1471970b25b672f3f33e1f84"}
,"/Users/mac/Documents/Project/flook-server-app/routes/storybook/author.js": {"path":"/Users/mac/Documents/Project/flook-server-app/routes/storybook/author.js","statementMap":{"0":{"start":{"line":1,"column":15},"end":{"line":1,"column":53}},"1":{"start":{"line":2,"column":20},"end":{"line":2,"column":48}},"2":{"start":{"line":3,"column":19},"end":{"line":3,"column":47}},"3":{"start":{"line":4,"column":17},"end":{"line":4,"column":36}},"4":{"start":{"line":6,"column":0},"end":{"line":15,"column":1}},"5":{"start":{"line":7,"column":2},"end":{"line":7,"column":73}},"6":{"start":{"line":11,"column":2},"end":{"line":13,"column":32}}},"fnMap":{"0":{"name":"(anonymous_0)","decl":{"start":{"line":6,"column":17},"end":{"line":6,"column":18}},"loc":{"start":{"line":6,"column":24},"end":{"line":15,"column":1}},"line":6}},"branchMap":{},"s":{"0":1,"1":1,"2":1,"3":1,"4":1,"5":1,"6":1},"f":{"0":1},"b":{},"_coverageSchema":"1a1c01bbd47fc00a2c39e90264f33305004495a9","hash":"53706917877e2f6c94db261f9182da5b12260dab"}
,"/Users/mac/Documents/Project/flook-server-app/routes/storybook/chapter.js": {"path":"/Users/mac/Documents/Project/flook-server-app/routes/storybook/chapter.js","statementMap":{"0":{"start":{"line":1,"column":15},"end":{"line":1,"column":53}},"1":{"start":{"line":2,"column":20},"end":{"line":2,"column":48}},"2":{"start":{"line":3,"column":19},"end":{"line":3,"column":47}},"3":{"start":{"line":5,"column":0},"end":{"line":10,"column":1}},"4":{"start":{"line":6,"column":2},"end":{"line":6,"column":91}},"5":{"start":{"line":7,"column":2},"end":{"line":7,"column":107}},"6":{"start":{"line":8,"column":2},"end":{"line":8,"column":79}}},"fnMap":{"0":{"name":"(anonymous_0)","decl":{"start":{"line":5,"column":17},"end":{"line":5,"column":18}},"loc":{"start":{"line":5,"column":24},"end":{"line":10,"column":1}},"line":5}},"branchMap":{},"s":{"0":1,"1":1,"2":1,"3":1,"4":1,"5":1,"6":1},"f":{"0":1},"b":{},"_coverageSchema":"1a1c01bbd47fc00a2c39e90264f33305004495a9","hash":"cf67540e9d7a66329e1f6ef0e5cf4f350befb85f"}
,"/Users/mac/Documents/Project/flook-server-app/routes/storybook/ebooks.js": {"path":"/Users/mac/Documents/Project/flook-server-app/routes/storybook/ebooks.js","statementMap":{"0":{"start":{"line":1,"column":15},"end":{"line":1,"column":53}},"1":{"start":{"line":2,"column":20},"end":{"line":2,"column":48}},"2":{"start":{"line":3,"column":19},"end":{"line":3,"column":47}},"3":{"start":{"line":5,"column":0},"end":{"line":29,"column":1}},"4":{"start":{"line":7,"column":2},"end":{"line":7,"column":84}},"5":{"start":{"line":9,"column":2},"end":{"line":9,"column":72}},"6":{"start":{"line":11,"column":2},"end":{"line":11,"column":86}},"7":{"start":{"line":13,"column":2},"end":{"line":13,"column":88}},"8":{"start":{"line":15,"column":2},"end":{"line":15,"column":92}},"9":{"start":{"line":17,"column":2},"end":{"line":17,"column":86}},"10":{"start":{"line":19,"column":2},"end":{"line":21,"column":31}},"11":{"start":{"line":23,"column":2},"end":{"line":23,"column":77}},"12":{"start":{"line":25,"column":2},"end":{"line":27,"column":34}}},"fnMap":{"0":{"name":"(anonymous_0)","decl":{"start":{"line":5,"column":17},"end":{"line":5,"column":18}},"loc":{"start":{"line":5,"column":24},"end":{"line":29,"column":1}},"line":5}},"branchMap":{},"s":{"0":1,"1":1,"2":1,"3":1,"4":1,"5":1,"6":1,"7":1,"8":1,"9":1,"10":1,"11":1,"12":1},"f":{"0":1},"b":{},"_coverageSchema":"1a1c01bbd47fc00a2c39e90264f33305004495a9","hash":"75c11708ccbdcff14b3b24c3d5ac760d5628822a"}
,"/Users/mac/Documents/Project/flook-server-app/routes/storybook/genre.js": {"path":"/Users/mac/Documents/Project/flook-server-app/routes/storybook/genre.js","statementMap":{"0":{"start":{"line":1,"column":20},"end":{"line":1,"column":48}},"1":{"start":{"line":2,"column":19},"end":{"line":2,"column":47}},"2":{"start":{"line":4,"column":0},"end":{"line":18,"column":1}},"3":{"start":{"line":6,"column":2},"end":{"line":7,"column":29}},"4":{"start":{"line":9,"column":2},"end":{"line":10,"column":28}},"5":{"start":{"line":12,"column":2},"end":{"line":13,"column":31}},"6":{"start":{"line":15,"column":2},"end":{"line":16,"column":31}}},"fnMap":{"0":{"name":"(anonymous_0)","decl":{"start":{"line":4,"column":17},"end":{"line":4,"column":18}},"loc":{"start":{"line":4,"column":24},"end":{"line":18,"column":1}},"line":4}},"branchMap":{},"s":{"0":1,"1":1,"2":1,"3":1,"4":1,"5":1,"6":1},"f":{"0":1},"b":{},"_coverageSchema":"1a1c01bbd47fc00a2c39e90264f33305004495a9","hash":"578b8c7d4008676a0294e399827655448f6a6253"}
}
